{"/home/roadmvn/devops/Devops_starter/mobile-app/src/contexts/AuthContext.js": {"path":"/home/roadmvn/devops/Devops_starter/mobile-app/src/contexts/AuthContext.js","statementMap":{"0":{"start":{"line":5,"column":20},"end":{"line":5,"column":39}},"1":{"start":{"line":7,"column":23},"end":{"line":7,"column":52}},"2":{"start":{"line":7,"column":29},"end":{"line":7,"column":52}},"3":{"start":{"line":10,"column":26},"end":{"line":10,"column":40}},"4":{"start":{"line":11,"column":32},"end":{"line":11,"column":46}},"5":{"start":{"line":13,"column":2},"end":{"line":15,"column":9}},"6":{"start":{"line":14,"column":4},"end":{"line":14,"column":21}},"7":{"start":{"line":17,"column":25},"end":{"line":28,"column":3}},"8":{"start":{"line":18,"column":4},"end":{"line":27,"column":5}},"9":{"start":{"line":19,"column":25},"end":{"line":19,"column":59}},"10":{"start":{"line":20,"column":6},"end":{"line":22,"column":7}},"11":{"start":{"line":21,"column":8},"end":{"line":21,"column":40}},"12":{"start":{"line":24,"column":6},"end":{"line":24,"column":75}},"13":{"start":{"line":26,"column":6},"end":{"line":26,"column":24}},"14":{"start":{"line":30,"column":16},"end":{"line":39,"column":3}},"15":{"start":{"line":31,"column":4},"end":{"line":38,"column":5}},"16":{"start":{"line":32,"column":23},"end":{"line":32,"column":63}},"17":{"start":{"line":33,"column":6},"end":{"line":33,"column":72}},"18":{"start":{"line":34,"column":6},"end":{"line":34,"column":29}},"19":{"start":{"line":35,"column":6},"end":{"line":35,"column":27}},"20":{"start":{"line":37,"column":6},"end":{"line":37,"column":18}},"21":{"start":{"line":41,"column":17},"end":{"line":48,"column":3}},"22":{"start":{"line":42,"column":4},"end":{"line":47,"column":5}},"23":{"start":{"line":43,"column":6},"end":{"line":43,"column":44}},"24":{"start":{"line":44,"column":6},"end":{"line":44,"column":20}},"25":{"start":{"line":46,"column":6},"end":{"line":46,"column":61}},"26":{"start":{"line":50,"column":19},"end":{"line":57,"column":3}},"27":{"start":{"line":51,"column":4},"end":{"line":56,"column":5}},"28":{"start":{"line":52,"column":23},"end":{"line":52,"column":59}},"29":{"start":{"line":53,"column":6},"end":{"line":53,"column":27}},"30":{"start":{"line":55,"column":6},"end":{"line":55,"column":18}},"31":{"start":{"line":59,"column":16},"end":{"line":65,"column":3}},"32":{"start":{"line":67,"column":2},"end":{"line":69,"column":3}},"33":{"start":{"line":68,"column":4},"end":{"line":68,"column":16}},"34":{"start":{"line":71,"column":2},"end":{"line":75,"column":4}}},"fnMap":{"0":{"name":"(anonymous_0)","decl":{"start":{"line":7,"column":23},"end":{"line":7,"column":24}},"loc":{"start":{"line":7,"column":29},"end":{"line":7,"column":52}},"line":7},"1":{"name":"AuthProvider","decl":{"start":{"line":9,"column":24},"end":{"line":9,"column":36}},"loc":{"start":{"line":9,"column":51},"end":{"line":76,"column":1}},"line":9},"2":{"name":"(anonymous_2)","decl":{"start":{"line":13,"column":12},"end":{"line":13,"column":13}},"loc":{"start":{"line":13,"column":18},"end":{"line":15,"column":3}},"line":13},"3":{"name":"(anonymous_3)","decl":{"start":{"line":17,"column":25},"end":{"line":17,"column":26}},"loc":{"start":{"line":17,"column":37},"end":{"line":28,"column":3}},"line":17},"4":{"name":"(anonymous_4)","decl":{"start":{"line":30,"column":16},"end":{"line":30,"column":17}},"loc":{"start":{"line":30,"column":43},"end":{"line":39,"column":3}},"line":30},"5":{"name":"(anonymous_5)","decl":{"start":{"line":41,"column":17},"end":{"line":41,"column":18}},"loc":{"start":{"line":41,"column":29},"end":{"line":48,"column":3}},"line":41},"6":{"name":"(anonymous_6)","decl":{"start":{"line":50,"column":19},"end":{"line":50,"column":20}},"loc":{"start":{"line":50,"column":39},"end":{"line":57,"column":3}},"line":50}},"branchMap":{"0":{"loc":{"start":{"line":20,"column":6},"end":{"line":22,"column":7}},"type":"if","locations":[{"start":{"line":20,"column":6},"end":{"line":22,"column":7}},{"start":{},"end":{}}],"line":20},"1":{"loc":{"start":{"line":67,"column":2},"end":{"line":69,"column":3}},"type":"if","locations":[{"start":{"line":67,"column":2},"end":{"line":69,"column":3}},{"start":{},"end":{}}],"line":67}},"s":{"0":0,"1":0,"2":0,"3":0,"4":0,"5":0,"6":0,"7":0,"8":0,"9":0,"10":0,"11":0,"12":0,"13":0,"14":0,"15":0,"16":0,"17":0,"18":0,"19":0,"20":0,"21":0,"22":0,"23":0,"24":0,"25":0,"26":0,"27":0,"28":0,"29":0,"30":0,"31":0,"32":0,"33":0,"34":0},"f":{"0":0,"1":0,"2":0,"3":0,"4":0,"5":0,"6":0},"b":{"0":[0,0],"1":[0,0]}}
,"/home/roadmvn/devops/Devops_starter/mobile-app/src/contexts/CartContext.js": {"path":"/home/roadmvn/devops/Devops_starter/mobile-app/src/contexts/CartContext.js","statementMap":{"0":{"start":{"line":4,"column":20},"end":{"line":4,"column":39}},"1":{"start":{"line":6,"column":23},"end":{"line":6,"column":52}},"2":{"start":{"line":6,"column":29},"end":{"line":6,"column":52}},"3":{"start":{"line":9,"column":36},"end":{"line":9,"column":48}},"4":{"start":{"line":10,"column":32},"end":{"line":10,"column":46}},"5":{"start":{"line":13,"column":2},"end":{"line":15,"column":9}},"6":{"start":{"line":14,"column":4},"end":{"line":14,"column":15}},"7":{"start":{"line":18,"column":2},"end":{"line":22,"column":18}},"8":{"start":{"line":19,"column":4},"end":{"line":21,"column":5}},"9":{"start":{"line":20,"column":6},"end":{"line":20,"column":17}},"10":{"start":{"line":24,"column":19},"end":{"line":35,"column":3}},"11":{"start":{"line":25,"column":4},"end":{"line":34,"column":5}},"12":{"start":{"line":26,"column":25},"end":{"line":26,"column":59}},"13":{"start":{"line":27,"column":6},"end":{"line":29,"column":7}},"14":{"start":{"line":28,"column":8},"end":{"line":28,"column":45}},"15":{"start":{"line":31,"column":6},"end":{"line":31,"column":67}},"16":{"start":{"line":33,"column":6},"end":{"line":33,"column":24}},"17":{"start":{"line":37,"column":19},"end":{"line":43,"column":3}},"18":{"start":{"line":38,"column":4},"end":{"line":42,"column":5}},"19":{"start":{"line":39,"column":6},"end":{"line":39,"column":68}},"20":{"start":{"line":41,"column":6},"end":{"line":41,"column":70}},"21":{"start":{"line":45,"column":20},"end":{"line":59,"column":3}},"22":{"start":{"line":46,"column":4},"end":{"line":58,"column":7}},"23":{"start":{"line":47,"column":27},"end":{"line":47,"column":76}},"24":{"start":{"line":47,"column":53},"end":{"line":47,"column":75}},"25":{"start":{"line":49,"column":6},"end":{"line":55,"column":7}},"26":{"start":{"line":50,"column":8},"end":{"line":54,"column":10}},"27":{"start":{"line":51,"column":10},"end":{"line":53,"column":18}},"28":{"start":{"line":57,"column":6},"end":{"line":57,"column":57}},"29":{"start":{"line":61,"column":25},"end":{"line":69,"column":3}},"30":{"start":{"line":62,"column":4},"end":{"line":68,"column":6}},"31":{"start":{"line":63,"column":6},"end":{"line":67,"column":7}},"32":{"start":{"line":64,"column":8},"end":{"line":66,"column":16}},"33":{"start":{"line":71,"column":21},"end":{"line":75,"column":3}},"34":{"start":{"line":72,"column":4},"end":{"line":74,"column":6}},"35":{"start":{"line":73,"column":6},"end":{"line":73,"column":56}},"36":{"start":{"line":73,"column":34},"end":{"line":73,"column":55}},"37":{"start":{"line":77,"column":20},"end":{"line":79,"column":3}},"38":{"start":{"line":78,"column":4},"end":{"line":78,"column":21}},"39":{"start":{"line":81,"column":23},"end":{"line":83,"column":3}},"40":{"start":{"line":82,"column":4},"end":{"line":82,"column":71}},"41":{"start":{"line":82,"column":45},"end":{"line":82,"column":66}},"42":{"start":{"line":85,"column":19},"end":{"line":90,"column":3}},"43":{"start":{"line":86,"column":4},"end":{"line":89,"column":6}},"44":{"start":{"line":87,"column":23},"end":{"line":87,"column":59}},"45":{"start":{"line":92,"column":16},"end":{"line":101,"column":3}},"46":{"start":{"line":103,"column":2},"end":{"line":105,"column":3}},"47":{"start":{"line":104,"column":4},"end":{"line":104,"column":16}},"48":{"start":{"line":107,"column":2},"end":{"line":111,"column":4}}},"fnMap":{"0":{"name":"(anonymous_0)","decl":{"start":{"line":6,"column":23},"end":{"line":6,"column":24}},"loc":{"start":{"line":6,"column":29},"end":{"line":6,"column":52}},"line":6},"1":{"name":"CartProvider","decl":{"start":{"line":8,"column":24},"end":{"line":8,"column":36}},"loc":{"start":{"line":8,"column":51},"end":{"line":112,"column":1}},"line":8},"2":{"name":"(anonymous_2)","decl":{"start":{"line":13,"column":12},"end":{"line":13,"column":13}},"loc":{"start":{"line":13,"column":18},"end":{"line":15,"column":3}},"line":13},"3":{"name":"(anonymous_3)","decl":{"start":{"line":18,"column":12},"end":{"line":18,"column":13}},"loc":{"start":{"line":18,"column":18},"end":{"line":22,"column":3}},"line":18},"4":{"name":"(anonymous_4)","decl":{"start":{"line":24,"column":19},"end":{"line":24,"column":20}},"loc":{"start":{"line":24,"column":31},"end":{"line":35,"column":3}},"line":24},"5":{"name":"(anonymous_5)","decl":{"start":{"line":37,"column":19},"end":{"line":37,"column":20}},"loc":{"start":{"line":37,"column":31},"end":{"line":43,"column":3}},"line":37},"6":{"name":"(anonymous_6)","decl":{"start":{"line":45,"column":20},"end":{"line":45,"column":21}},"loc":{"start":{"line":45,"column":47},"end":{"line":59,"column":3}},"line":45},"7":{"name":"(anonymous_7)","decl":{"start":{"line":46,"column":17},"end":{"line":46,"column":18}},"loc":{"start":{"line":46,"column":33},"end":{"line":58,"column":5}},"line":46},"8":{"name":"(anonymous_8)","decl":{"start":{"line":47,"column":45},"end":{"line":47,"column":46}},"loc":{"start":{"line":47,"column":53},"end":{"line":47,"column":75}},"line":47},"9":{"name":"(anonymous_9)","decl":{"start":{"line":50,"column":32},"end":{"line":50,"column":33}},"loc":{"start":{"line":51,"column":10},"end":{"line":53,"column":18}},"line":51},"10":{"name":"(anonymous_10)","decl":{"start":{"line":61,"column":25},"end":{"line":61,"column":26}},"loc":{"start":{"line":61,"column":50},"end":{"line":69,"column":3}},"line":61},"11":{"name":"(anonymous_11)","decl":{"start":{"line":62,"column":17},"end":{"line":62,"column":18}},"loc":{"start":{"line":63,"column":6},"end":{"line":67,"column":7}},"line":63},"12":{"name":"(anonymous_12)","decl":{"start":{"line":63,"column":23},"end":{"line":63,"column":24}},"loc":{"start":{"line":64,"column":8},"end":{"line":66,"column":16}},"line":64},"13":{"name":"(anonymous_13)","decl":{"start":{"line":71,"column":21},"end":{"line":71,"column":22}},"loc":{"start":{"line":71,"column":36},"end":{"line":75,"column":3}},"line":71},"14":{"name":"(anonymous_14)","decl":{"start":{"line":72,"column":17},"end":{"line":72,"column":18}},"loc":{"start":{"line":73,"column":6},"end":{"line":73,"column":56}},"line":73},"15":{"name":"(anonymous_15)","decl":{"start":{"line":73,"column":26},"end":{"line":73,"column":27}},"loc":{"start":{"line":73,"column":34},"end":{"line":73,"column":55}},"line":73},"16":{"name":"(anonymous_16)","decl":{"start":{"line":77,"column":20},"end":{"line":77,"column":21}},"loc":{"start":{"line":77,"column":26},"end":{"line":79,"column":3}},"line":77},"17":{"name":"(anonymous_17)","decl":{"start":{"line":81,"column":23},"end":{"line":81,"column":24}},"loc":{"start":{"line":81,"column":29},"end":{"line":83,"column":3}},"line":81},"18":{"name":"(anonymous_18)","decl":{"start":{"line":82,"column":28},"end":{"line":82,"column":29}},"loc":{"start":{"line":82,"column":45},"end":{"line":82,"column":66}},"line":82},"19":{"name":"(anonymous_19)","decl":{"start":{"line":85,"column":19},"end":{"line":85,"column":20}},"loc":{"start":{"line":85,"column":25},"end":{"line":90,"column":3}},"line":85},"20":{"name":"(anonymous_20)","decl":{"start":{"line":87,"column":6},"end":{"line":87,"column":7}},"loc":{"start":{"line":87,"column":23},"end":{"line":87,"column":59}},"line":87}},"branchMap":{"0":{"loc":{"start":{"line":19,"column":4},"end":{"line":21,"column":5}},"type":"if","locations":[{"start":{"line":19,"column":4},"end":{"line":21,"column":5}},{"start":{},"end":{}}],"line":19},"1":{"loc":{"start":{"line":27,"column":6},"end":{"line":29,"column":7}},"type":"if","locations":[{"start":{"line":27,"column":6},"end":{"line":29,"column":7}},{"start":{},"end":{}}],"line":27},"2":{"loc":{"start":{"line":45,"column":30},"end":{"line":45,"column":42}},"type":"default-arg","locations":[{"start":{"line":45,"column":41},"end":{"line":45,"column":42}}],"line":45},"3":{"loc":{"start":{"line":49,"column":6},"end":{"line":55,"column":7}},"type":"if","locations":[{"start":{"line":49,"column":6},"end":{"line":55,"column":7}},{"start":{},"end":{}}],"line":49},"4":{"loc":{"start":{"line":51,"column":10},"end":{"line":53,"column":18}},"type":"cond-expr","locations":[{"start":{"line":52,"column":14},"end":{"line":52,"column":61}},{"start":{"line":53,"column":14},"end":{"line":53,"column":18}}],"line":51},"5":{"loc":{"start":{"line":64,"column":8},"end":{"line":66,"column":16}},"type":"cond-expr","locations":[{"start":{"line":65,"column":12},"end":{"line":65,"column":33}},{"start":{"line":66,"column":12},"end":{"line":66,"column":16}}],"line":64},"6":{"loc":{"start":{"line":103,"column":2},"end":{"line":105,"column":3}},"type":"if","locations":[{"start":{"line":103,"column":2},"end":{"line":105,"column":3}},{"start":{},"end":{}}],"line":103}},"s":{"0":0,"1":0,"2":0,"3":0,"4":0,"5":0,"6":0,"7":0,"8":0,"9":0,"10":0,"11":0,"12":0,"13":0,"14":0,"15":0,"16":0,"17":0,"18":0,"19":0,"20":0,"21":0,"22":0,"23":0,"24":0,"25":0,"26":0,"27":0,"28":0,"29":0,"30":0,"31":0,"32":0,"33":0,"34":0,"35":0,"36":0,"37":0,"38":0,"39":0,"40":0,"41":0,"42":0,"43":0,"44":0,"45":0,"46":0,"47":0,"48":0},"f":{"0":0,"1":0,"2":0,"3":0,"4":0,"5":0,"6":0,"7":0,"8":0,"9":0,"10":0,"11":0,"12":0,"13":0,"14":0,"15":0,"16":0,"17":0,"18":0,"19":0,"20":0},"b":{"0":[0,0],"1":[0,0],"2":[0],"3":[0,0],"4":[0,0],"5":[0,0],"6":[0,0]}}
,"/home/roadmvn/devops/Devops_starter/mobile-app/src/navigation/AppNavigator.js": {"path":"/home/roadmvn/devops/Devops_starter/mobile-app/src/navigation/AppNavigator.js","statementMap":{"0":{"start":{"line":17,"column":14},"end":{"line":17,"column":42}},"1":{"start":{"line":18,"column":12},"end":{"line":18,"column":38}},"2":{"start":{"line":22,"column":2},"end":{"line":74,"column":4}},"3":{"start":{"line":39,"column":12},"end":{"line":39,"column":68}},"4":{"start":{"line":49,"column":12},"end":{"line":49,"column":68}},"5":{"start":{"line":59,"column":12},"end":{"line":59,"column":68}},"6":{"start":{"line":69,"column":12},"end":{"line":69,"column":68}},"7":{"start":{"line":79,"column":19},"end":{"line":79,"column":28}},"8":{"start":{"line":81,"column":2},"end":{"line":101,"column":4}}},"fnMap":{"0":{"name":"MainTabNavigator","decl":{"start":{"line":21,"column":9},"end":{"line":21,"column":25}},"loc":{"start":{"line":21,"column":28},"end":{"line":75,"column":1}},"line":21},"1":{"name":"(anonymous_1)","decl":{"start":{"line":38,"column":22},"end":{"line":38,"column":23}},"loc":{"start":{"line":39,"column":12},"end":{"line":39,"column":68}},"line":39},"2":{"name":"(anonymous_2)","decl":{"start":{"line":48,"column":22},"end":{"line":48,"column":23}},"loc":{"start":{"line":49,"column":12},"end":{"line":49,"column":68}},"line":49},"3":{"name":"(anonymous_3)","decl":{"start":{"line":58,"column":22},"end":{"line":58,"column":23}},"loc":{"start":{"line":59,"column":12},"end":{"line":59,"column":68}},"line":59},"4":{"name":"(anonymous_4)","decl":{"start":{"line":68,"column":22},"end":{"line":68,"column":23}},"loc":{"start":{"line":69,"column":12},"end":{"line":69,"column":68}},"line":69},"5":{"name":"AppNavigator","decl":{"start":{"line":78,"column":24},"end":{"line":78,"column":36}},"loc":{"start":{"line":78,"column":39},"end":{"line":102,"column":1}},"line":78}},"branchMap":{"0":{"loc":{"start":{"line":87,"column":7},"end":{"line":99,"column":7}},"type":"cond-expr","locations":[{"start":{"line":89,"column":8},"end":{"line":92,"column":22}},{"start":{"line":95,"column":8},"end":{"line":98,"column":22}}],"line":87}},"s":{"0":0,"1":0,"2":0,"3":0,"4":0,"5":0,"6":0,"7":0,"8":0},"f":{"0":0,"1":0,"2":0,"3":0,"4":0,"5":0},"b":{"0":[0,0]}}
,"/home/roadmvn/devops/Devops_starter/mobile-app/src/screens/auth/LoginScreen.js": {"path":"/home/roadmvn/devops/Devops_starter/mobile-app/src/screens/auth/LoginScreen.js","statementMap":{"0":{"start":{"line":15,"column":28},"end":{"line":15,"column":40}},"1":{"start":{"line":16,"column":34},"end":{"line":16,"column":46}},"2":{"start":{"line":17,"column":32},"end":{"line":17,"column":47}},"3":{"start":{"line":18,"column":20},"end":{"line":18,"column":29}},"4":{"start":{"line":20,"column":22},"end":{"line":37,"column":3}},"5":{"start":{"line":21,"column":4},"end":{"line":24,"column":5}},"6":{"start":{"line":22,"column":6},"end":{"line":22,"column":64}},"7":{"start":{"line":23,"column":6},"end":{"line":23,"column":13}},"8":{"start":{"line":26,"column":4},"end":{"line":36,"column":5}},"9":{"start":{"line":27,"column":6},"end":{"line":27,"column":23}},"10":{"start":{"line":28,"column":6},"end":{"line":28,"column":35}},"11":{"start":{"line":30,"column":6},"end":{"line":33,"column":8}},"12":{"start":{"line":35,"column":6},"end":{"line":35,"column":24}},"13":{"start":{"line":39,"column":2},"end":{"line":84,"column":4}},"14":{"start":{"line":76,"column":25},"end":{"line":76,"column":56}},"15":{"start":{"line":87,"column":15},"end":{"line":128,"column":2}}},"fnMap":{"0":{"name":"LoginScreen","decl":{"start":{"line":14,"column":24},"end":{"line":14,"column":35}},"loc":{"start":{"line":14,"column":52},"end":{"line":85,"column":1}},"line":14},"1":{"name":"(anonymous_1)","decl":{"start":{"line":20,"column":22},"end":{"line":20,"column":23}},"loc":{"start":{"line":20,"column":34},"end":{"line":37,"column":3}},"line":20},"2":{"name":"(anonymous_2)","decl":{"start":{"line":76,"column":19},"end":{"line":76,"column":20}},"loc":{"start":{"line":76,"column":25},"end":{"line":76,"column":56}},"line":76}},"branchMap":{"0":{"loc":{"start":{"line":21,"column":4},"end":{"line":24,"column":5}},"type":"if","locations":[{"start":{"line":21,"column":4},"end":{"line":24,"column":5}},{"start":{},"end":{}}],"line":21},"1":{"loc":{"start":{"line":21,"column":8},"end":{"line":21,"column":27}},"type":"binary-expr","locations":[{"start":{"line":21,"column":8},"end":{"line":21,"column":14}},{"start":{"line":21,"column":18},"end":{"line":21,"column":27}}],"line":21},"2":{"loc":{"start":{"line":32,"column":8},"end":{"line":32,"column":66}},"type":"binary-expr","locations":[{"start":{"line":32,"column":8},"end":{"line":32,"column":37}},{"start":{"line":32,"column":41},"end":{"line":32,"column":66}}],"line":32},"3":{"loc":{"start":{"line":41,"column":16},"end":{"line":41,"column":60}},"type":"cond-expr","locations":[{"start":{"line":41,"column":40},"end":{"line":41,"column":49}},{"start":{"line":41,"column":52},"end":{"line":41,"column":60}}],"line":41},"4":{"loc":{"start":{"line":70,"column":13},"end":{"line":70,"column":54}},"type":"cond-expr","locations":[{"start":{"line":70,"column":23},"end":{"line":70,"column":37}},{"start":{"line":70,"column":40},"end":{"line":70,"column":54}}],"line":70}},"s":{"0":0,"1":0,"2":0,"3":0,"4":0,"5":0,"6":0,"7":0,"8":0,"9":0,"10":0,"11":0,"12":0,"13":0,"14":0,"15":0},"f":{"0":0,"1":0,"2":0},"b":{"0":[0,0],"1":[0,0],"2":[0,0],"3":[0,0],"4":[0,0]}}
,"/home/roadmvn/devops/Devops_starter/mobile-app/src/screens/auth/RegisterScreen.js": {"path":"/home/roadmvn/devops/Devops_starter/mobile-app/src/screens/auth/RegisterScreen.js","statementMap":{"0":{"start":{"line":16,"column":34},"end":{"line":22,"column":4}},"1":{"start":{"line":23,"column":32},"end":{"line":23,"column":47}},"2":{"start":{"line":24,"column":23},"end":{"line":24,"column":32}},"3":{"start":{"line":26,"column":25},"end":{"line":59,"column":3}},"4":{"start":{"line":28,"column":4},"end":{"line":31,"column":5}},"5":{"start":{"line":29,"column":6},"end":{"line":29,"column":64}},"6":{"start":{"line":30,"column":6},"end":{"line":30,"column":13}},"7":{"start":{"line":33,"column":4},"end":{"line":36,"column":5}},"8":{"start":{"line":34,"column":6},"end":{"line":34,"column":70}},"9":{"start":{"line":35,"column":6},"end":{"line":35,"column":13}},"10":{"start":{"line":38,"column":4},"end":{"line":58,"column":5}},"11":{"start":{"line":39,"column":6},"end":{"line":39,"column":23}},"12":{"start":{"line":40,"column":6},"end":{"line":45,"column":9}},"13":{"start":{"line":46,"column":6},"end":{"line":50,"column":8}},"14":{"start":{"line":49,"column":38},"end":{"line":49,"column":66}},"15":{"start":{"line":52,"column":6},"end":{"line":55,"column":8}},"16":{"start":{"line":57,"column":6},"end":{"line":57,"column":24}},"17":{"start":{"line":61,"column":25},"end":{"line":66,"column":3}},"18":{"start":{"line":62,"column":4},"end":{"line":65,"column":8}},"19":{"start":{"line":62,"column":25},"end":{"line":65,"column":5}},"20":{"start":{"line":68,"column":2},"end":{"line":139,"column":4}},"21":{"start":{"line":81,"column":37},"end":{"line":81,"column":71}},"22":{"start":{"line":89,"column":37},"end":{"line":89,"column":70}},"23":{"start":{"line":97,"column":37},"end":{"line":97,"column":67}},"24":{"start":{"line":106,"column":37},"end":{"line":106,"column":70}},"25":{"start":{"line":114,"column":37},"end":{"line":114,"column":77}},"26":{"start":{"line":130,"column":27},"end":{"line":130,"column":55}},"27":{"start":{"line":142,"column":15},"end":{"line":185,"column":2}}},"fnMap":{"0":{"name":"RegisterScreen","decl":{"start":{"line":15,"column":24},"end":{"line":15,"column":38}},"loc":{"start":{"line":15,"column":55},"end":{"line":140,"column":1}},"line":15},"1":{"name":"(anonymous_1)","decl":{"start":{"line":26,"column":25},"end":{"line":26,"column":26}},"loc":{"start":{"line":26,"column":37},"end":{"line":59,"column":3}},"line":26},"2":{"name":"(anonymous_2)","decl":{"start":{"line":49,"column":32},"end":{"line":49,"column":33}},"loc":{"start":{"line":49,"column":38},"end":{"line":49,"column":66}},"line":49},"3":{"name":"(anonymous_3)","decl":{"start":{"line":61,"column":25},"end":{"line":61,"column":26}},"loc":{"start":{"line":61,"column":41},"end":{"line":66,"column":3}},"line":61},"4":{"name":"(anonymous_4)","decl":{"start":{"line":62,"column":16},"end":{"line":62,"column":17}},"loc":{"start":{"line":62,"column":25},"end":{"line":65,"column":5}},"line":62},"5":{"name":"(anonymous_5)","decl":{"start":{"line":81,"column":26},"end":{"line":81,"column":27}},"loc":{"start":{"line":81,"column":37},"end":{"line":81,"column":71}},"line":81},"6":{"name":"(anonymous_6)","decl":{"start":{"line":89,"column":26},"end":{"line":89,"column":27}},"loc":{"start":{"line":89,"column":37},"end":{"line":89,"column":70}},"line":89},"7":{"name":"(anonymous_7)","decl":{"start":{"line":97,"column":26},"end":{"line":97,"column":27}},"loc":{"start":{"line":97,"column":37},"end":{"line":97,"column":67}},"line":97},"8":{"name":"(anonymous_8)","decl":{"start":{"line":106,"column":26},"end":{"line":106,"column":27}},"loc":{"start":{"line":106,"column":37},"end":{"line":106,"column":70}},"line":106},"9":{"name":"(anonymous_9)","decl":{"start":{"line":114,"column":26},"end":{"line":114,"column":27}},"loc":{"start":{"line":114,"column":37},"end":{"line":114,"column":77}},"line":114},"10":{"name":"(anonymous_10)","decl":{"start":{"line":130,"column":21},"end":{"line":130,"column":22}},"loc":{"start":{"line":130,"column":27},"end":{"line":130,"column":55}},"line":130}},"branchMap":{"0":{"loc":{"start":{"line":28,"column":4},"end":{"line":31,"column":5}},"type":"if","locations":[{"start":{"line":28,"column":4},"end":{"line":31,"column":5}},{"start":{},"end":{}}],"line":28},"1":{"loc":{"start":{"line":28,"column":8},"end":{"line":28,"column":90}},"type":"binary-expr","locations":[{"start":{"line":28,"column":8},"end":{"line":28,"column":23}},{"start":{"line":28,"column":27},"end":{"line":28,"column":45}},{"start":{"line":28,"column":49},"end":{"line":28,"column":68}},{"start":{"line":28,"column":72},"end":{"line":28,"column":90}}],"line":28},"2":{"loc":{"start":{"line":33,"column":4},"end":{"line":36,"column":5}},"type":"if","locations":[{"start":{"line":33,"column":4},"end":{"line":36,"column":5}},{"start":{},"end":{}}],"line":33},"3":{"loc":{"start":{"line":54,"column":8},"end":{"line":54,"column":66}},"type":"binary-expr","locations":[{"start":{"line":54,"column":8},"end":{"line":54,"column":37}},{"start":{"line":54,"column":41},"end":{"line":54,"column":66}}],"line":54},"4":{"loc":{"start":{"line":70,"column":16},"end":{"line":70,"column":60}},"type":"cond-expr","locations":[{"start":{"line":70,"column":40},"end":{"line":70,"column":49}},{"start":{"line":70,"column":52},"end":{"line":70,"column":60}}],"line":70},"5":{"loc":{"start":{"line":124,"column":15},"end":{"line":124,"column":68}},"type":"cond-expr","locations":[{"start":{"line":124,"column":25},"end":{"line":124,"column":48}},{"start":{"line":124,"column":51},"end":{"line":124,"column":68}}],"line":124}},"s":{"0":0,"1":0,"2":0,"3":0,"4":0,"5":0,"6":0,"7":0,"8":0,"9":0,"10":0,"11":0,"12":0,"13":0,"14":0,"15":0,"16":0,"17":0,"18":0,"19":0,"20":0,"21":0,"22":0,"23":0,"24":0,"25":0,"26":0,"27":0},"f":{"0":0,"1":0,"2":0,"3":0,"4":0,"5":0,"6":0,"7":0,"8":0,"9":0,"10":0},"b":{"0":[0,0],"1":[0,0,0,0],"2":[0,0],"3":[0,0],"4":[0,0],"5":[0,0]}}
,"/home/roadmvn/devops/Devops_starter/mobile-app/src/screens/main/CartScreen.js": {"path":"/home/roadmvn/devops/Devops_starter/mobile-app/src/screens/main/CartScreen.js","statementMap":{"0":{"start":{"line":21,"column":6},"end":{"line":21,"column":15}},"1":{"start":{"line":22,"column":32},"end":{"line":22,"column":44}},"2":{"start":{"line":23,"column":32},"end":{"line":23,"column":47}},"3":{"start":{"line":25,"column":31},"end":{"line":49,"column":3}},"4":{"start":{"line":26,"column":17},"end":{"line":26,"column":62}},"5":{"start":{"line":26,"column":40},"end":{"line":26,"column":61}},"6":{"start":{"line":27,"column":4},"end":{"line":48,"column":5}},"7":{"start":{"line":28,"column":26},"end":{"line":28,"column":48}},"8":{"start":{"line":29,"column":6},"end":{"line":47,"column":7}},"9":{"start":{"line":30,"column":8},"end":{"line":30,"column":47}},"10":{"start":{"line":32,"column":8},"end":{"line":46,"column":10}},"11":{"start":{"line":42,"column":29},"end":{"line":42,"column":50}},"12":{"start":{"line":51,"column":25},"end":{"line":89,"column":3}},"13":{"start":{"line":52,"column":4},"end":{"line":55,"column":5}},"14":{"start":{"line":53,"column":6},"end":{"line":53,"column":78}},"15":{"start":{"line":54,"column":6},"end":{"line":54,"column":13}},"16":{"start":{"line":57,"column":4},"end":{"line":88,"column":5}},"17":{"start":{"line":58,"column":6},"end":{"line":58,"column":23}},"18":{"start":{"line":59,"column":28},"end":{"line":67,"column":8}},"19":{"start":{"line":62,"column":38},"end":{"line":66,"column":9}},"20":{"start":{"line":69,"column":6},"end":{"line":79,"column":7}},"21":{"start":{"line":70,"column":8},"end":{"line":70,"column":20}},"22":{"start":{"line":71,"column":8},"end":{"line":73,"column":11}},"23":{"start":{"line":75,"column":8},"end":{"line":78,"column":10}},"24":{"start":{"line":81,"column":6},"end":{"line":81,"column":55}},"25":{"start":{"line":82,"column":6},"end":{"line":85,"column":8}},"26":{"start":{"line":87,"column":6},"end":{"line":87,"column":24}},"27":{"start":{"line":91,"column":21},"end":{"line":122,"column":3}},"28":{"start":{"line":92,"column":4},"end":{"line":121,"column":11}},"29":{"start":{"line":106,"column":25},"end":{"line":106,"column":58}},"30":{"start":{"line":115,"column":25},"end":{"line":115,"column":57}},"31":{"start":{"line":124,"column":2},"end":{"line":166,"column":4}},"32":{"start":{"line":129,"column":30},"end":{"line":129,"column":48}},"33":{"start":{"line":137,"column":29},"end":{"line":137,"column":56}},"34":{"start":{"line":169,"column":15},"end":{"line":275,"column":2}}},"fnMap":{"0":{"name":"CartScreen","decl":{"start":{"line":14,"column":24},"end":{"line":14,"column":34}},"loc":{"start":{"line":14,"column":51},"end":{"line":167,"column":1}},"line":14},"1":{"name":"(anonymous_1)","decl":{"start":{"line":25,"column":31},"end":{"line":25,"column":32}},"loc":{"start":{"line":25,"column":54},"end":{"line":49,"column":3}},"line":25},"2":{"name":"(anonymous_2)","decl":{"start":{"line":26,"column":32},"end":{"line":26,"column":33}},"loc":{"start":{"line":26,"column":40},"end":{"line":26,"column":61}},"line":26},"3":{"name":"(anonymous_3)","decl":{"start":{"line":42,"column":23},"end":{"line":42,"column":24}},"loc":{"start":{"line":42,"column":29},"end":{"line":42,"column":50}},"line":42},"4":{"name":"(anonymous_4)","decl":{"start":{"line":51,"column":25},"end":{"line":51,"column":26}},"loc":{"start":{"line":51,"column":37},"end":{"line":89,"column":3}},"line":51},"5":{"name":"(anonymous_5)","decl":{"start":{"line":62,"column":29},"end":{"line":62,"column":30}},"loc":{"start":{"line":62,"column":38},"end":{"line":66,"column":9}},"line":62},"6":{"name":"(anonymous_6)","decl":{"start":{"line":91,"column":21},"end":{"line":91,"column":22}},"loc":{"start":{"line":92,"column":4},"end":{"line":121,"column":11}},"line":92},"7":{"name":"(anonymous_7)","decl":{"start":{"line":106,"column":19},"end":{"line":106,"column":20}},"loc":{"start":{"line":106,"column":25},"end":{"line":106,"column":58}},"line":106},"8":{"name":"(anonymous_8)","decl":{"start":{"line":115,"column":19},"end":{"line":115,"column":20}},"loc":{"start":{"line":115,"column":25},"end":{"line":115,"column":57}},"line":115},"9":{"name":"(anonymous_9)","decl":{"start":{"line":129,"column":22},"end":{"line":129,"column":23}},"loc":{"start":{"line":129,"column":30},"end":{"line":129,"column":48}},"line":129},"10":{"name":"(anonymous_10)","decl":{"start":{"line":137,"column":23},"end":{"line":137,"column":24}},"loc":{"start":{"line":137,"column":29},"end":{"line":137,"column":56}},"line":137}},"branchMap":{"0":{"loc":{"start":{"line":27,"column":4},"end":{"line":48,"column":5}},"type":"if","locations":[{"start":{"line":27,"column":4},"end":{"line":48,"column":5}},{"start":{},"end":{}}],"line":27},"1":{"loc":{"start":{"line":29,"column":6},"end":{"line":47,"column":7}},"type":"if","locations":[{"start":{"line":29,"column":6},"end":{"line":47,"column":7}},{"start":{"line":31,"column":13},"end":{"line":47,"column":7}}],"line":29},"2":{"loc":{"start":{"line":52,"column":4},"end":{"line":55,"column":5}},"type":"if","locations":[{"start":{"line":52,"column":4},"end":{"line":55,"column":5}},{"start":{},"end":{}}],"line":52},"3":{"loc":{"start":{"line":69,"column":6},"end":{"line":79,"column":7}},"type":"if","locations":[{"start":{"line":69,"column":6},"end":{"line":79,"column":7}},{"start":{"line":74,"column":13},"end":{"line":79,"column":7}}],"line":69},"4":{"loc":{"start":{"line":147,"column":7},"end":{"line":164,"column":7}},"type":"binary-expr","locations":[{"start":{"line":147,"column":7},"end":{"line":147,"column":27}},{"start":{"line":148,"column":8},"end":{"line":163,"column":15}}],"line":147},"5":{"loc":{"start":{"line":160,"column":15},"end":{"line":160,"column":50}},"type":"cond-expr","locations":[{"start":{"line":160,"column":25},"end":{"line":160,"column":40}},{"start":{"line":160,"column":43},"end":{"line":160,"column":50}}],"line":160}},"s":{"0":0,"1":0,"2":0,"3":0,"4":0,"5":0,"6":0,"7":0,"8":0,"9":0,"10":0,"11":0,"12":0,"13":0,"14":0,"15":0,"16":0,"17":0,"18":0,"19":0,"20":0,"21":0,"22":0,"23":0,"24":0,"25":0,"26":0,"27":0,"28":0,"29":0,"30":0,"31":0,"32":0,"33":0,"34":0},"f":{"0":0,"1":0,"2":0,"3":0,"4":0,"5":0,"6":0,"7":0,"8":0,"9":0,"10":0},"b":{"0":[0,0],"1":[0,0],"2":[0,0],"3":[0,0],"4":[0,0],"5":[0,0]}}
,"/home/roadmvn/devops/Devops_starter/mobile-app/src/screens/main/HistoryScreen.js": {"path":"/home/roadmvn/devops/Devops_starter/mobile-app/src/screens/main/HistoryScreen.js","statementMap":{"0":{"start":{"line":17,"column":36},"end":{"line":17,"column":48}},"1":{"start":{"line":18,"column":32},"end":{"line":18,"column":46}},"2":{"start":{"line":19,"column":38},"end":{"line":19,"column":53}},"3":{"start":{"line":20,"column":26},"end":{"line":20,"column":37}},"4":{"start":{"line":21,"column":32},"end":{"line":21,"column":46}},"5":{"start":{"line":23,"column":2},"end":{"line":25,"column":9}},"6":{"start":{"line":24,"column":4},"end":{"line":24,"column":20}},"7":{"start":{"line":27,"column":24},"end":{"line":56,"column":3}},"8":{"start":{"line":28,"column":4},"end":{"line":55,"column":5}},"9":{"start":{"line":29,"column":6},"end":{"line":32,"column":7}},"10":{"start":{"line":30,"column":8},"end":{"line":30,"column":19}},"11":{"start":{"line":31,"column":8},"end":{"line":31,"column":25}},"12":{"start":{"line":34,"column":6},"end":{"line":34,"column":39}},"13":{"start":{"line":34,"column":32},"end":{"line":34,"column":39}},"14":{"start":{"line":36,"column":23},"end":{"line":41,"column":8}},"15":{"start":{"line":43,"column":29},"end":{"line":43,"column":42}},"16":{"start":{"line":45,"column":6},"end":{"line":47,"column":8}},"17":{"start":{"line":46,"column":8},"end":{"line":46,"column":43}},"18":{"start":{"line":48,"column":6},"end":{"line":48,"column":35}},"19":{"start":{"line":49,"column":6},"end":{"line":49,"column":46}},"20":{"start":{"line":49,"column":20},"end":{"line":49,"column":46}},"21":{"start":{"line":49,"column":36},"end":{"line":49,"column":44}},"22":{"start":{"line":51,"column":6},"end":{"line":51,"column":68}},"23":{"start":{"line":53,"column":6},"end":{"line":53,"column":24}},"24":{"start":{"line":54,"column":6},"end":{"line":54,"column":27}},"25":{"start":{"line":58,"column":20},"end":{"line":61,"column":3}},"26":{"start":{"line":59,"column":4},"end":{"line":59,"column":24}},"27":{"start":{"line":60,"column":4},"end":{"line":60,"column":24}},"28":{"start":{"line":63,"column":25},"end":{"line":67,"column":3}},"29":{"start":{"line":64,"column":4},"end":{"line":66,"column":5}},"30":{"start":{"line":65,"column":6},"end":{"line":65,"column":22}},"31":{"start":{"line":69,"column":24},"end":{"line":87,"column":3}},"32":{"start":{"line":70,"column":4},"end":{"line":86,"column":5}},"33":{"start":{"line":71,"column":22},"end":{"line":78,"column":7}},"34":{"start":{"line":77,"column":29},"end":{"line":77,"column":80}},"35":{"start":{"line":80,"column":6},"end":{"line":83,"column":9}},"36":{"start":{"line":85,"column":6},"end":{"line":85,"column":54}},"37":{"start":{"line":89,"column":29},"end":{"line":133,"column":3}},"38":{"start":{"line":90,"column":4},"end":{"line":132,"column":23}},"39":{"start":{"line":92,"column":21},"end":{"line":92,"column":84}},"40":{"start":{"line":106,"column":10},"end":{"line":108,"column":17}},"41":{"start":{"line":120,"column":25},"end":{"line":120,"column":44}},"42":{"start":{"line":127,"column":25},"end":{"line":127,"column":88}},"43":{"start":{"line":135,"column":2},"end":{"line":141,"column":3}},"44":{"start":{"line":136,"column":4},"end":{"line":140,"column":6}},"45":{"start":{"line":143,"column":2},"end":{"line":176,"column":4}},"46":{"start":{"line":148,"column":30},"end":{"line":148,"column":48}},"47":{"start":{"line":179,"column":15},"end":{"line":284,"column":2}}},"fnMap":{"0":{"name":"HistoryScreen","decl":{"start":{"line":16,"column":24},"end":{"line":16,"column":37}},"loc":{"start":{"line":16,"column":54},"end":{"line":177,"column":1}},"line":16},"1":{"name":"(anonymous_1)","decl":{"start":{"line":23,"column":12},"end":{"line":23,"column":13}},"loc":{"start":{"line":23,"column":18},"end":{"line":25,"column":3}},"line":23},"2":{"name":"(anonymous_2)","decl":{"start":{"line":27,"column":24},"end":{"line":27,"column":25}},"loc":{"start":{"line":27,"column":51},"end":{"line":56,"column":3}},"line":27},"3":{"name":"(anonymous_3)","decl":{"start":{"line":45,"column":19},"end":{"line":45,"column":20}},"loc":{"start":{"line":46,"column":8},"end":{"line":46,"column":43}},"line":46},"4":{"name":"(anonymous_4)","decl":{"start":{"line":49,"column":28},"end":{"line":49,"column":29}},"loc":{"start":{"line":49,"column":36},"end":{"line":49,"column":44}},"line":49},"5":{"name":"(anonymous_5)","decl":{"start":{"line":58,"column":20},"end":{"line":58,"column":21}},"loc":{"start":{"line":58,"column":26},"end":{"line":61,"column":3}},"line":58},"6":{"name":"(anonymous_6)","decl":{"start":{"line":63,"column":25},"end":{"line":63,"column":26}},"loc":{"start":{"line":63,"column":31},"end":{"line":67,"column":3}},"line":63},"7":{"name":"(anonymous_7)","decl":{"start":{"line":69,"column":24},"end":{"line":69,"column":25}},"loc":{"start":{"line":69,"column":44},"end":{"line":87,"column":3}},"line":69},"8":{"name":"(anonymous_8)","decl":{"start":{"line":77,"column":21},"end":{"line":77,"column":22}},"loc":{"start":{"line":77,"column":29},"end":{"line":77,"column":80}},"line":77},"9":{"name":"(anonymous_9)","decl":{"start":{"line":89,"column":29},"end":{"line":89,"column":30}},"loc":{"start":{"line":90,"column":4},"end":{"line":132,"column":23}},"line":90},"10":{"name":"(anonymous_10)","decl":{"start":{"line":92,"column":15},"end":{"line":92,"column":16}},"loc":{"start":{"line":92,"column":21},"end":{"line":92,"column":84}},"line":92},"11":{"name":"(anonymous_11)","decl":{"start":{"line":105,"column":36},"end":{"line":105,"column":37}},"loc":{"start":{"line":106,"column":10},"end":{"line":108,"column":17}},"line":106},"12":{"name":"(anonymous_12)","decl":{"start":{"line":120,"column":19},"end":{"line":120,"column":20}},"loc":{"start":{"line":120,"column":25},"end":{"line":120,"column":44}},"line":120},"13":{"name":"(anonymous_13)","decl":{"start":{"line":127,"column":19},"end":{"line":127,"column":20}},"loc":{"start":{"line":127,"column":25},"end":{"line":127,"column":88}},"line":127},"14":{"name":"(anonymous_14)","decl":{"start":{"line":148,"column":22},"end":{"line":148,"column":23}},"loc":{"start":{"line":148,"column":30},"end":{"line":148,"column":48}},"line":148}},"branchMap":{"0":{"loc":{"start":{"line":27,"column":31},"end":{"line":27,"column":46}},"type":"default-arg","locations":[{"start":{"line":27,"column":41},"end":{"line":27,"column":46}}],"line":27},"1":{"loc":{"start":{"line":29,"column":6},"end":{"line":32,"column":7}},"type":"if","locations":[{"start":{"line":29,"column":6},"end":{"line":32,"column":7}},{"start":{},"end":{}}],"line":29},"2":{"loc":{"start":{"line":34,"column":6},"end":{"line":34,"column":39}},"type":"if","locations":[{"start":{"line":34,"column":6},"end":{"line":34,"column":39}},{"start":{},"end":{}}],"line":34},"3":{"loc":{"start":{"line":34,"column":10},"end":{"line":34,"column":30}},"type":"binary-expr","locations":[{"start":{"line":34,"column":10},"end":{"line":34,"column":18}},{"start":{"line":34,"column":22},"end":{"line":34,"column":30}}],"line":34},"4":{"loc":{"start":{"line":38,"column":16},"end":{"line":38,"column":34}},"type":"cond-expr","locations":[{"start":{"line":38,"column":26},"end":{"line":38,"column":27}},{"start":{"line":38,"column":30},"end":{"line":38,"column":34}}],"line":38},"5":{"loc":{"start":{"line":46,"column":8},"end":{"line":46,"column":43}},"type":"cond-expr","locations":[{"start":{"line":46,"column":18},"end":{"line":46,"column":22}},{"start":{"line":46,"column":25},"end":{"line":46,"column":43}}],"line":46},"6":{"loc":{"start":{"line":49,"column":6},"end":{"line":49,"column":46}},"type":"if","locations":[{"start":{"line":49,"column":6},"end":{"line":49,"column":46}},{"start":{},"end":{}}],"line":49},"7":{"loc":{"start":{"line":64,"column":4},"end":{"line":66,"column":5}},"type":"if","locations":[{"start":{"line":64,"column":4},"end":{"line":66,"column":5}},{"start":{},"end":{}}],"line":64},"8":{"loc":{"start":{"line":64,"column":8},"end":{"line":64,"column":27}},"type":"binary-expr","locations":[{"start":{"line":64,"column":8},"end":{"line":64,"column":16}},{"start":{"line":64,"column":20},"end":{"line":64,"column":27}}],"line":64},"9":{"loc":{"start":{"line":110,"column":9},"end":{"line":114,"column":9}},"type":"binary-expr","locations":[{"start":{"line":110,"column":9},"end":{"line":110,"column":30}},{"start":{"line":111,"column":10},"end":{"line":113,"column":17}}],"line":110},"10":{"loc":{"start":{"line":135,"column":2},"end":{"line":141,"column":3}},"type":"if","locations":[{"start":{"line":135,"column":2},"end":{"line":141,"column":3}},{"start":{},"end":{}}],"line":135},"11":{"loc":{"start":{"line":135,"column":6},"end":{"line":135,"column":28}},"type":"binary-expr","locations":[{"start":{"line":135,"column":6},"end":{"line":135,"column":13}},{"start":{"line":135,"column":17},"end":{"line":135,"column":28}}],"line":135},"12":{"loc":{"start":{"line":166,"column":10},"end":{"line":172,"column":18}},"type":"cond-expr","locations":[{"start":{"line":167,"column":12},"end":{"line":171,"column":14}},{"start":{"line":172,"column":14},"end":{"line":172,"column":18}}],"line":166},"13":{"loc":{"start":{"line":166,"column":10},"end":{"line":166,"column":32}},"type":"binary-expr","locations":[{"start":{"line":166,"column":10},"end":{"line":166,"column":17}},{"start":{"line":166,"column":21},"end":{"line":166,"column":32}}],"line":166}},"s":{"0":0,"1":0,"2":0,"3":0,"4":0,"5":0,"6":0,"7":0,"8":0,"9":0,"10":0,"11":0,"12":0,"13":0,"14":0,"15":0,"16":0,"17":0,"18":0,"19":0,"20":0,"21":0,"22":0,"23":0,"24":0,"25":0,"26":0,"27":0,"28":0,"29":0,"30":0,"31":0,"32":0,"33":0,"34":0,"35":0,"36":0,"37":0,"38":0,"39":0,"40":0,"41":0,"42":0,"43":0,"44":0,"45":0,"46":0,"47":0},"f":{"0":0,"1":0,"2":0,"3":0,"4":0,"5":0,"6":0,"7":0,"8":0,"9":0,"10":0,"11":0,"12":0,"13":0,"14":0},"b":{"0":[0],"1":[0,0],"2":[0,0],"3":[0,0],"4":[0,0],"5":[0,0],"6":[0,0],"7":[0,0],"8":[0,0],"9":[0,0],"10":[0,0],"11":[0,0],"12":[0,0],"13":[0,0]}}
,"/home/roadmvn/devops/Devops_starter/mobile-app/src/screens/main/HomeScreen.js": {"path":"/home/roadmvn/devops/Devops_starter/mobile-app/src/screens/main/HomeScreen.js","statementMap":{"0":{"start":{"line":15,"column":19},"end":{"line":15,"column":28}},"1":{"start":{"line":16,"column":38},"end":{"line":16,"column":50}},"2":{"start":{"line":17,"column":46},"end":{"line":17,"column":58}},"3":{"start":{"line":18,"column":38},"end":{"line":18,"column":53}},"4":{"start":{"line":20,"column":2},"end":{"line":22,"column":9}},"5":{"start":{"line":21,"column":4},"end":{"line":21,"column":15}},"6":{"start":{"line":24,"column":19},"end":{"line":35,"column":3}},"7":{"start":{"line":25,"column":4},"end":{"line":34,"column":5}},"8":{"start":{"line":26,"column":49},"end":{"line":29,"column":8}},"9":{"start":{"line":30,"column":6},"end":{"line":30,"column":40}},"10":{"start":{"line":31,"column":6},"end":{"line":31,"column":48}},"11":{"start":{"line":33,"column":6},"end":{"line":33,"column":69}},"12":{"start":{"line":37,"column":20},"end":{"line":41,"column":3}},"13":{"start":{"line":38,"column":4},"end":{"line":38,"column":24}},"14":{"start":{"line":39,"column":4},"end":{"line":39,"column":21}},"15":{"start":{"line":40,"column":4},"end":{"line":40,"column":25}},"16":{"start":{"line":43,"column":30},"end":{"line":61,"column":3}},"17":{"start":{"line":44,"column":4},"end":{"line":60,"column":23}},"18":{"start":{"line":46,"column":21},"end":{"line":46,"column":75}},"19":{"start":{"line":63,"column":30},"end":{"line":76,"column":3}},"20":{"start":{"line":64,"column":4},"end":{"line":75,"column":23}},"21":{"start":{"line":66,"column":21},"end":{"line":66,"column":75}},"22":{"start":{"line":78,"column":2},"end":{"line":123,"column":4}},"23":{"start":{"line":98,"column":40},"end":{"line":98,"column":58}},"24":{"start":{"line":111,"column":32},"end":{"line":111,"column":50}},"25":{"start":{"line":118,"column":23},"end":{"line":118,"column":53}},"26":{"start":{"line":126,"column":15},"end":{"line":238,"column":2}}},"fnMap":{"0":{"name":"HomeScreen","decl":{"start":{"line":14,"column":24},"end":{"line":14,"column":34}},"loc":{"start":{"line":14,"column":51},"end":{"line":124,"column":1}},"line":14},"1":{"name":"(anonymous_1)","decl":{"start":{"line":20,"column":12},"end":{"line":20,"column":13}},"loc":{"start":{"line":20,"column":18},"end":{"line":22,"column":3}},"line":20},"2":{"name":"(anonymous_2)","decl":{"start":{"line":24,"column":19},"end":{"line":24,"column":20}},"loc":{"start":{"line":24,"column":31},"end":{"line":35,"column":3}},"line":24},"3":{"name":"(anonymous_3)","decl":{"start":{"line":37,"column":20},"end":{"line":37,"column":21}},"loc":{"start":{"line":37,"column":32},"end":{"line":41,"column":3}},"line":37},"4":{"name":"(anonymous_4)","decl":{"start":{"line":43,"column":30},"end":{"line":43,"column":31}},"loc":{"start":{"line":44,"column":4},"end":{"line":60,"column":23}},"line":44},"5":{"name":"(anonymous_5)","decl":{"start":{"line":46,"column":15},"end":{"line":46,"column":16}},"loc":{"start":{"line":46,"column":21},"end":{"line":46,"column":75}},"line":46},"6":{"name":"(anonymous_6)","decl":{"start":{"line":63,"column":30},"end":{"line":63,"column":31}},"loc":{"start":{"line":64,"column":4},"end":{"line":75,"column":23}},"line":64},"7":{"name":"(anonymous_7)","decl":{"start":{"line":66,"column":15},"end":{"line":66,"column":16}},"loc":{"start":{"line":66,"column":21},"end":{"line":66,"column":75}},"line":66},"8":{"name":"(anonymous_8)","decl":{"start":{"line":98,"column":30},"end":{"line":98,"column":31}},"loc":{"start":{"line":98,"column":40},"end":{"line":98,"column":58}},"line":98},"9":{"name":"(anonymous_9)","decl":{"start":{"line":111,"column":22},"end":{"line":111,"column":23}},"loc":{"start":{"line":111,"column":32},"end":{"line":111,"column":50}},"line":111},"10":{"name":"(anonymous_10)","decl":{"start":{"line":118,"column":17},"end":{"line":118,"column":18}},"loc":{"start":{"line":118,"column":23},"end":{"line":118,"column":53}},"line":118}},"branchMap":{"0":{"loc":{"start":{"line":88,"column":25},"end":{"line":88,"column":52}},"type":"binary-expr","locations":[{"start":{"line":88,"column":25},"end":{"line":88,"column":40}},{"start":{"line":88,"column":44},"end":{"line":88,"column":52}}],"line":88}},"s":{"0":0,"1":0,"2":0,"3":0,"4":0,"5":0,"6":0,"7":0,"8":0,"9":0,"10":0,"11":0,"12":0,"13":0,"14":0,"15":0,"16":0,"17":0,"18":0,"19":0,"20":0,"21":0,"22":0,"23":0,"24":0,"25":0,"26":0},"f":{"0":0,"1":0,"2":0,"3":0,"4":0,"5":0,"6":0,"7":0,"8":0,"9":0,"10":0},"b":{"0":[0,0]}}
,"/home/roadmvn/devops/Devops_starter/mobile-app/src/screens/main/PaymentScreen.js": {"path":"/home/roadmvn/devops/Devops_starter/mobile-app/src/screens/main/PaymentScreen.js","statementMap":{"0":{"start":{"line":16,"column":42},"end":{"line":16,"column":51}},"1":{"start":{"line":17,"column":32},"end":{"line":17,"column":47}},"2":{"start":{"line":18,"column":52},"end":{"line":18,"column":67}},"3":{"start":{"line":19,"column":46},"end":{"line":19,"column":58}},"4":{"start":{"line":20,"column":46},"end":{"line":20,"column":60}},"5":{"start":{"line":22,"column":2},"end":{"line":24,"column":9}},"6":{"start":{"line":23,"column":4},"end":{"line":23,"column":25}},"7":{"start":{"line":26,"column":29},"end":{"line":46,"column":3}},"8":{"start":{"line":27,"column":4},"end":{"line":45,"column":5}},"9":{"start":{"line":28,"column":6},"end":{"line":28,"column":23}},"10":{"start":{"line":29,"column":22},"end":{"line":29,"column":62}},"11":{"start":{"line":30,"column":6},"end":{"line":30,"column":33}},"12":{"start":{"line":33,"column":27},"end":{"line":33,"column":65}},"13":{"start":{"line":33,"column":45},"end":{"line":33,"column":64}},"14":{"start":{"line":34,"column":6},"end":{"line":36,"column":7}},"15":{"start":{"line":35,"column":8},"end":{"line":35,"column":40}},"16":{"start":{"line":38,"column":6},"end":{"line":38,"column":82}},"17":{"start":{"line":39,"column":6},"end":{"line":42,"column":8}},"18":{"start":{"line":44,"column":6},"end":{"line":44,"column":24}},"19":{"start":{"line":48,"column":24},"end":{"line":86,"column":3}},"20":{"start":{"line":49,"column":4},"end":{"line":52,"column":5}},"21":{"start":{"line":50,"column":6},"end":{"line":50,"column":77}},"22":{"start":{"line":51,"column":6},"end":{"line":51,"column":13}},"23":{"start":{"line":54,"column":4},"end":{"line":85,"column":5}},"24":{"start":{"line":55,"column":6},"end":{"line":55,"column":33}},"25":{"start":{"line":58,"column":41},"end":{"line":61,"column":7}},"26":{"start":{"line":64,"column":21},"end":{"line":64,"column":80}},"27":{"start":{"line":66,"column":6},"end":{"line":76,"column":7}},"28":{"start":{"line":68,"column":8},"end":{"line":68,"column":20}},"29":{"start":{"line":71,"column":8},"end":{"line":73,"column":11}},"30":{"start":{"line":75,"column":8},"end":{"line":75,"column":48}},"31":{"start":{"line":78,"column":6},"end":{"line":78,"column":55}},"32":{"start":{"line":79,"column":6},"end":{"line":82,"column":8}},"33":{"start":{"line":84,"column":6},"end":{"line":84,"column":34}},"34":{"start":{"line":88,"column":2},"end":{"line":94,"column":3}},"35":{"start":{"line":89,"column":4},"end":{"line":93,"column":6}},"36":{"start":{"line":96,"column":2},"end":{"line":152,"column":4}},"37":{"start":{"line":102,"column":10},"end":{"line":108,"column":17}},"38":{"start":{"line":121,"column":10},"end":{"line":131,"column":29}},"39":{"start":{"line":127,"column":27},"end":{"line":127,"column":52}},"40":{"start":{"line":155,"column":15},"end":{"line":254,"column":2}}},"fnMap":{"0":{"name":"PaymentScreen","decl":{"start":{"line":15,"column":24},"end":{"line":15,"column":37}},"loc":{"start":{"line":15,"column":54},"end":{"line":153,"column":1}},"line":15},"1":{"name":"(anonymous_1)","decl":{"start":{"line":22,"column":12},"end":{"line":22,"column":13}},"loc":{"start":{"line":22,"column":18},"end":{"line":24,"column":3}},"line":22},"2":{"name":"(anonymous_2)","decl":{"start":{"line":26,"column":29},"end":{"line":26,"column":30}},"loc":{"start":{"line":26,"column":41},"end":{"line":46,"column":3}},"line":26},"3":{"name":"(anonymous_3)","decl":{"start":{"line":33,"column":40},"end":{"line":33,"column":41}},"loc":{"start":{"line":33,"column":45},"end":{"line":33,"column":64}},"line":33},"4":{"name":"(anonymous_4)","decl":{"start":{"line":48,"column":24},"end":{"line":48,"column":25}},"loc":{"start":{"line":48,"column":36},"end":{"line":86,"column":3}},"line":48},"5":{"name":"(anonymous_5)","decl":{"start":{"line":101,"column":23},"end":{"line":101,"column":24}},"loc":{"start":{"line":102,"column":10},"end":{"line":108,"column":17}},"line":102},"6":{"name":"(anonymous_6)","decl":{"start":{"line":120,"column":28},"end":{"line":120,"column":29}},"loc":{"start":{"line":121,"column":10},"end":{"line":131,"column":29}},"line":121},"7":{"name":"(anonymous_7)","decl":{"start":{"line":127,"column":21},"end":{"line":127,"column":22}},"loc":{"start":{"line":127,"column":27},"end":{"line":127,"column":52}},"line":127}},"branchMap":{"0":{"loc":{"start":{"line":34,"column":6},"end":{"line":36,"column":7}},"type":"if","locations":[{"start":{"line":34,"column":6},"end":{"line":36,"column":7}},{"start":{},"end":{}}],"line":34},"1":{"loc":{"start":{"line":49,"column":4},"end":{"line":52,"column":5}},"type":"if","locations":[{"start":{"line":49,"column":4},"end":{"line":52,"column":5}},{"start":{},"end":{}}],"line":49},"2":{"loc":{"start":{"line":66,"column":6},"end":{"line":76,"column":7}},"type":"if","locations":[{"start":{"line":66,"column":6},"end":{"line":76,"column":7}},{"start":{"line":74,"column":13},"end":{"line":76,"column":7}}],"line":66},"3":{"loc":{"start":{"line":88,"column":2},"end":{"line":94,"column":3}},"type":"if","locations":[{"start":{"line":88,"column":2},"end":{"line":94,"column":3}},{"start":{},"end":{}}],"line":88},"4":{"loc":{"start":{"line":125,"column":14},"end":{"line":125,"column":71}},"type":"binary-expr","locations":[{"start":{"line":125,"column":14},"end":{"line":125,"column":46}},{"start":{"line":125,"column":50},"end":{"line":125,"column":71}}],"line":125},"5":{"loc":{"start":{"line":139,"column":20},"end":{"line":139,"column":56}},"type":"binary-expr","locations":[{"start":{"line":139,"column":20},"end":{"line":139,"column":37}},{"start":{"line":139,"column":41},"end":{"line":139,"column":56}}],"line":139}},"s":{"0":0,"1":0,"2":0,"3":0,"4":0,"5":0,"6":0,"7":0,"8":0,"9":0,"10":0,"11":0,"12":0,"13":0,"14":0,"15":0,"16":0,"17":0,"18":0,"19":0,"20":0,"21":0,"22":0,"23":0,"24":0,"25":0,"26":0,"27":0,"28":0,"29":0,"30":0,"31":0,"32":0,"33":0,"34":0,"35":0,"36":0,"37":0,"38":0,"39":0,"40":0},"f":{"0":0,"1":0,"2":0,"3":0,"4":0,"5":0,"6":0,"7":0},"b":{"0":[0,0],"1":[0,0],"2":[0,0],"3":[0,0],"4":[0,0],"5":[0,0]}}
,"/home/roadmvn/devops/Devops_starter/mobile-app/src/screens/main/PaymentSuccessScreen.js": {"path":"/home/roadmvn/devops/Devops_starter/mobile-app/src/screens/main/PaymentSuccessScreen.js","statementMap":{"0":{"start":{"line":13,"column":22},"end":{"line":13,"column":34}},"1":{"start":{"line":14,"column":25},"end":{"line":14,"column":46}},"2":{"start":{"line":15,"column":17},"end":{"line":15,"column":38}},"3":{"start":{"line":17,"column":2},"end":{"line":32,"column":9}},"4":{"start":{"line":19,"column":4},"end":{"line":31,"column":15}},"5":{"start":{"line":34,"column":26},"end":{"line":36,"column":3}},"6":{"start":{"line":35,"column":4},"end":{"line":35,"column":67}},"7":{"start":{"line":38,"column":33},"end":{"line":40,"column":3}},"8":{"start":{"line":39,"column":4},"end":{"line":39,"column":32}},"9":{"start":{"line":42,"column":2},"end":{"line":125,"column":4}},"10":{"start":{"line":117,"column":25},"end":{"line":117,"column":55}},"11":{"start":{"line":128,"column":15},"end":{"line":206,"column":2}}},"fnMap":{"0":{"name":"PaymentSuccessScreen","decl":{"start":{"line":12,"column":24},"end":{"line":12,"column":44}},"loc":{"start":{"line":12,"column":68},"end":{"line":126,"column":1}},"line":12},"1":{"name":"(anonymous_1)","decl":{"start":{"line":17,"column":12},"end":{"line":17,"column":13}},"loc":{"start":{"line":17,"column":18},"end":{"line":32,"column":3}},"line":17},"2":{"name":"(anonymous_2)","decl":{"start":{"line":34,"column":26},"end":{"line":34,"column":27}},"loc":{"start":{"line":34,"column":32},"end":{"line":36,"column":3}},"line":34},"3":{"name":"(anonymous_3)","decl":{"start":{"line":38,"column":33},"end":{"line":38,"column":34}},"loc":{"start":{"line":38,"column":39},"end":{"line":40,"column":3}},"line":38},"4":{"name":"(anonymous_4)","decl":{"start":{"line":117,"column":19},"end":{"line":117,"column":20}},"loc":{"start":{"line":117,"column":25},"end":{"line":117,"column":55}},"line":117}},"branchMap":{},"s":{"0":0,"1":0,"2":0,"3":0,"4":0,"5":0,"6":0,"7":0,"8":0,"9":0,"10":0,"11":0},"f":{"0":0,"1":0,"2":0,"3":0,"4":0},"b":{}}
,"/home/roadmvn/devops/Devops_starter/mobile-app/src/screens/main/ProductScreen.js": {"path":"/home/roadmvn/devops/Devops_starter/mobile-app/src/screens/main/ProductScreen.js","statementMap":{"0":{"start":{"line":16,"column":63},"end":{"line":16,"column":75}},"1":{"start":{"line":17,"column":32},"end":{"line":17,"column":64}},"2":{"start":{"line":18,"column":32},"end":{"line":18,"column":57}},"3":{"start":{"line":19,"column":34},"end":{"line":19,"column":45}},"4":{"start":{"line":20,"column":24},"end":{"line":20,"column":33}},"5":{"start":{"line":22,"column":2},"end":{"line":26,"column":18}},"6":{"start":{"line":23,"column":4},"end":{"line":25,"column":5}},"7":{"start":{"line":24,"column":6},"end":{"line":24,"column":28}},"8":{"start":{"line":28,"column":30},"end":{"line":40,"column":3}},"9":{"start":{"line":29,"column":4},"end":{"line":39,"column":5}},"10":{"start":{"line":30,"column":6},"end":{"line":30,"column":23}},"11":{"start":{"line":31,"column":23},"end":{"line":31,"column":62}},"12":{"start":{"line":32,"column":6},"end":{"line":32,"column":32}},"13":{"start":{"line":34,"column":6},"end":{"line":34,"column":73}},"14":{"start":{"line":35,"column":6},"end":{"line":35,"column":76}},"15":{"start":{"line":36,"column":6},"end":{"line":36,"column":26}},"16":{"start":{"line":38,"column":6},"end":{"line":38,"column":24}},"17":{"start":{"line":42,"column":31},"end":{"line":47,"column":3}},"18":{"start":{"line":43,"column":24},"end":{"line":43,"column":41}},"19":{"start":{"line":44,"column":4},"end":{"line":46,"column":5}},"20":{"start":{"line":45,"column":6},"end":{"line":45,"column":31}},"21":{"start":{"line":49,"column":26},"end":{"line":70,"column":3}},"22":{"start":{"line":50,"column":4},"end":{"line":69,"column":5}},"23":{"start":{"line":51,"column":6},"end":{"line":51,"column":35}},"24":{"start":{"line":52,"column":6},"end":{"line":66,"column":8}},"25":{"start":{"line":58,"column":27},"end":{"line":58,"column":46}},"26":{"start":{"line":63,"column":27},"end":{"line":63,"column":54}},"27":{"start":{"line":68,"column":6},"end":{"line":68,"column":74}},"28":{"start":{"line":72,"column":2},"end":{"line":78,"column":3}},"29":{"start":{"line":73,"column":4},"end":{"line":77,"column":6}},"30":{"start":{"line":80,"column":2},"end":{"line":92,"column":3}},"31":{"start":{"line":81,"column":4},"end":{"line":91,"column":6}},"32":{"start":{"line":86,"column":25},"end":{"line":86,"column":44}},"33":{"start":{"line":94,"column":2},"end":{"line":194,"column":4}},"34":{"start":{"line":162,"column":27},"end":{"line":162,"column":51}},"35":{"start":{"line":171,"column":27},"end":{"line":171,"column":50}},"36":{"start":{"line":197,"column":15},"end":{"line":337,"column":2}}},"fnMap":{"0":{"name":"ProductScreen","decl":{"start":{"line":15,"column":24},"end":{"line":15,"column":37}},"loc":{"start":{"line":15,"column":61},"end":{"line":195,"column":1}},"line":15},"1":{"name":"(anonymous_1)","decl":{"start":{"line":22,"column":12},"end":{"line":22,"column":13}},"loc":{"start":{"line":22,"column":18},"end":{"line":26,"column":3}},"line":22},"2":{"name":"(anonymous_2)","decl":{"start":{"line":28,"column":30},"end":{"line":28,"column":31}},"loc":{"start":{"line":28,"column":42},"end":{"line":40,"column":3}},"line":28},"3":{"name":"(anonymous_3)","decl":{"start":{"line":42,"column":31},"end":{"line":42,"column":32}},"loc":{"start":{"line":42,"column":43},"end":{"line":47,"column":3}},"line":42},"4":{"name":"(anonymous_4)","decl":{"start":{"line":49,"column":26},"end":{"line":49,"column":27}},"loc":{"start":{"line":49,"column":32},"end":{"line":70,"column":3}},"line":49},"5":{"name":"(anonymous_5)","decl":{"start":{"line":58,"column":21},"end":{"line":58,"column":22}},"loc":{"start":{"line":58,"column":27},"end":{"line":58,"column":46}},"line":58},"6":{"name":"(anonymous_6)","decl":{"start":{"line":63,"column":21},"end":{"line":63,"column":22}},"loc":{"start":{"line":63,"column":27},"end":{"line":63,"column":54}},"line":63},"7":{"name":"(anonymous_7)","decl":{"start":{"line":86,"column":19},"end":{"line":86,"column":20}},"loc":{"start":{"line":86,"column":25},"end":{"line":86,"column":44}},"line":86},"8":{"name":"(anonymous_8)","decl":{"start":{"line":162,"column":21},"end":{"line":162,"column":22}},"loc":{"start":{"line":162,"column":27},"end":{"line":162,"column":51}},"line":162},"9":{"name":"(anonymous_9)","decl":{"start":{"line":171,"column":21},"end":{"line":171,"column":22}},"loc":{"start":{"line":171,"column":27},"end":{"line":171,"column":50}},"line":171}},"branchMap":{"0":{"loc":{"start":{"line":17,"column":41},"end":{"line":17,"column":63}},"type":"binary-expr","locations":[{"start":{"line":17,"column":41},"end":{"line":17,"column":55}},{"start":{"line":17,"column":59},"end":{"line":17,"column":63}}],"line":17},"1":{"loc":{"start":{"line":23,"column":4},"end":{"line":25,"column":5}},"type":"if","locations":[{"start":{"line":23,"column":4},"end":{"line":25,"column":5}},{"start":{},"end":{}}],"line":23},"2":{"loc":{"start":{"line":23,"column":8},"end":{"line":23,"column":36}},"type":"binary-expr","locations":[{"start":{"line":23,"column":8},"end":{"line":23,"column":17}},{"start":{"line":23,"column":21},"end":{"line":23,"column":36}}],"line":23},"3":{"loc":{"start":{"line":44,"column":4},"end":{"line":46,"column":5}},"type":"if","locations":[{"start":{"line":44,"column":4},"end":{"line":46,"column":5}},{"start":{},"end":{}}],"line":44},"4":{"loc":{"start":{"line":44,"column":8},"end":{"line":44,"column":56}},"type":"binary-expr","locations":[{"start":{"line":44,"column":8},"end":{"line":44,"column":24}},{"start":{"line":44,"column":28},"end":{"line":44,"column":56}}],"line":44},"5":{"loc":{"start":{"line":72,"column":2},"end":{"line":78,"column":3}},"type":"if","locations":[{"start":{"line":72,"column":2},"end":{"line":78,"column":3}},{"start":{},"end":{}}],"line":72},"6":{"loc":{"start":{"line":80,"column":2},"end":{"line":92,"column":3}},"type":"if","locations":[{"start":{"line":80,"column":2},"end":{"line":92,"column":3}},{"start":{},"end":{}}],"line":80},"7":{"loc":{"start":{"line":107,"column":11},"end":{"line":114,"column":11}},"type":"binary-expr","locations":[{"start":{"line":107,"column":11},"end":{"line":107,"column":28}},{"start":{"line":108,"column":12},"end":{"line":113,"column":19}}],"line":107},"8":{"loc":{"start":{"line":124,"column":19},"end":{"line":124,"column":59}},"type":"binary-expr","locations":[{"start":{"line":124,"column":19},"end":{"line":124,"column":52}},{"start":{"line":124,"column":56},"end":{"line":124,"column":59}}],"line":124},"9":{"loc":{"start":{"line":130,"column":19},"end":{"line":130,"column":59}},"type":"binary-expr","locations":[{"start":{"line":130,"column":19},"end":{"line":130,"column":52}},{"start":{"line":130,"column":56},"end":{"line":130,"column":59}}],"line":130},"10":{"loc":{"start":{"line":136,"column":19},"end":{"line":136,"column":56}},"type":"binary-expr","locations":[{"start":{"line":136,"column":19},"end":{"line":136,"column":49}},{"start":{"line":136,"column":53},"end":{"line":136,"column":56}}],"line":136},"11":{"loc":{"start":{"line":142,"column":19},"end":{"line":142,"column":55}},"type":"binary-expr","locations":[{"start":{"line":142,"column":19},"end":{"line":142,"column":48}},{"start":{"line":142,"column":52},"end":{"line":142,"column":55}}],"line":142},"12":{"loc":{"start":{"line":148,"column":11},"end":{"line":155,"column":11}},"type":"binary-expr","locations":[{"start":{"line":148,"column":11},"end":{"line":148,"column":28}},{"start":{"line":148,"column":32},"end":{"line":148,"column":60}},{"start":{"line":149,"column":12},"end":{"line":154,"column":19}}],"line":148},"13":{"loc":{"start":{"line":181,"column":12},"end":{"line":181,"column":74}},"type":"binary-expr","locations":[{"start":{"line":181,"column":13},"end":{"line":181,"column":27}},{"start":{"line":181,"column":31},"end":{"line":181,"column":48}},{"start":{"line":181,"column":53},"end":{"line":181,"column":74}}],"line":181},"14":{"loc":{"start":{"line":184,"column":20},"end":{"line":184,"column":55}},"type":"binary-expr","locations":[{"start":{"line":184,"column":20},"end":{"line":184,"column":34}},{"start":{"line":184,"column":38},"end":{"line":184,"column":55}}],"line":184},"15":{"loc":{"start":{"line":187,"column":13},"end":{"line":189,"column":35}},"type":"cond-expr","locations":[{"start":{"line":188,"column":16},"end":{"line":188,"column":34}},{"start":{"line":189,"column":16},"end":{"line":189,"column":35}}],"line":187},"16":{"loc":{"start":{"line":187,"column":13},"end":{"line":187,"column":48}},"type":"binary-expr","locations":[{"start":{"line":187,"column":13},"end":{"line":187,"column":27}},{"start":{"line":187,"column":31},"end":{"line":187,"column":48}}],"line":187}},"s":{"0":0,"1":0,"2":0,"3":0,"4":0,"5":0,"6":0,"7":0,"8":0,"9":0,"10":0,"11":0,"12":0,"13":0,"14":0,"15":0,"16":0,"17":0,"18":0,"19":0,"20":0,"21":0,"22":0,"23":0,"24":0,"25":0,"26":0,"27":0,"28":0,"29":0,"30":0,"31":0,"32":0,"33":0,"34":0,"35":0,"36":0},"f":{"0":0,"1":0,"2":0,"3":0,"4":0,"5":0,"6":0,"7":0,"8":0,"9":0},"b":{"0":[0,0],"1":[0,0],"2":[0,0],"3":[0,0],"4":[0,0],"5":[0,0],"6":[0,0],"7":[0,0],"8":[0,0],"9":[0,0],"10":[0,0],"11":[0,0],"12":[0,0,0],"13":[0,0,0],"14":[0,0],"15":[0,0],"16":[0,0]}}
,"/home/roadmvn/devops/Devops_starter/mobile-app/src/screens/main/PurchaseDetailsScreen.js": {"path":"/home/roadmvn/devops/Devops_starter/mobile-app/src/screens/main/PurchaseDetailsScreen.js","statementMap":{"0":{"start":{"line":19,"column":25},"end":{"line":19,"column":37}},"1":{"start":{"line":20,"column":34},"end":{"line":20,"column":48}},"2":{"start":{"line":21,"column":32},"end":{"line":21,"column":46}},"3":{"start":{"line":22,"column":54},"end":{"line":22,"column":69}},"4":{"start":{"line":24,"column":2},"end":{"line":26,"column":19}},"5":{"start":{"line":25,"column":4},"end":{"line":25,"column":26}},"6":{"start":{"line":28,"column":30},"end":{"line":39,"column":3}},"7":{"start":{"line":29,"column":4},"end":{"line":38,"column":5}},"8":{"start":{"line":30,"column":23},"end":{"line":30,"column":64}},"9":{"start":{"line":31,"column":6},"end":{"line":31,"column":33}},"10":{"start":{"line":33,"column":6},"end":{"line":33,"column":69}},"11":{"start":{"line":34,"column":6},"end":{"line":34,"column":77}},"12":{"start":{"line":35,"column":6},"end":{"line":35,"column":26}},"13":{"start":{"line":37,"column":6},"end":{"line":37,"column":24}},"14":{"start":{"line":41,"column":26},"end":{"line":78,"column":3}},"15":{"start":{"line":42,"column":4},"end":{"line":77,"column":5}},"16":{"start":{"line":43,"column":6},"end":{"line":43,"column":34}},"17":{"start":{"line":46,"column":23},"end":{"line":48,"column":8}},"18":{"start":{"line":51,"column":23},"end":{"line":51,"column":50}},"19":{"start":{"line":52,"column":22},"end":{"line":52,"column":66}},"20":{"start":{"line":54,"column":6},"end":{"line":58,"column":8}},"21":{"start":{"line":61,"column":6},"end":{"line":68,"column":7}},"22":{"start":{"line":62,"column":8},"end":{"line":62,"column":42}},"23":{"start":{"line":64,"column":8},"end":{"line":67,"column":10}},"24":{"start":{"line":70,"column":6},"end":{"line":70,"column":75}},"25":{"start":{"line":71,"column":6},"end":{"line":74,"column":8}},"26":{"start":{"line":76,"column":6},"end":{"line":76,"column":35}},"27":{"start":{"line":80,"column":31},"end":{"line":106,"column":3}},"28":{"start":{"line":81,"column":4},"end":{"line":105,"column":5}},"29":{"start":{"line":82,"column":22},"end":{"line":97,"column":7}},"30":{"start":{"line":89,"column":2},"end":{"line":89,"column":53}},"31":{"start":{"line":99,"column":6},"end":{"line":102,"column":9}},"32":{"start":{"line":104,"column":6},"end":{"line":104,"column":54}},"33":{"start":{"line":108,"column":2},"end":{"line":114,"column":3}},"34":{"start":{"line":109,"column":4},"end":{"line":113,"column":6}},"35":{"start":{"line":116,"column":2},"end":{"line":177,"column":4}},"36":{"start":{"line":128,"column":10},"end":{"line":134,"column":17}},"37":{"start":{"line":180,"column":15},"end":{"line":312,"column":2}}},"fnMap":{"0":{"name":"PurchaseDetailsScreen","decl":{"start":{"line":18,"column":24},"end":{"line":18,"column":45}},"loc":{"start":{"line":18,"column":69},"end":{"line":178,"column":1}},"line":18},"1":{"name":"(anonymous_1)","decl":{"start":{"line":24,"column":12},"end":{"line":24,"column":13}},"loc":{"start":{"line":24,"column":18},"end":{"line":26,"column":3}},"line":24},"2":{"name":"(anonymous_2)","decl":{"start":{"line":28,"column":30},"end":{"line":28,"column":31}},"loc":{"start":{"line":28,"column":42},"end":{"line":39,"column":3}},"line":28},"3":{"name":"(anonymous_3)","decl":{"start":{"line":41,"column":26},"end":{"line":41,"column":27}},"loc":{"start":{"line":41,"column":38},"end":{"line":78,"column":3}},"line":41},"4":{"name":"(anonymous_4)","decl":{"start":{"line":80,"column":31},"end":{"line":80,"column":32}},"loc":{"start":{"line":80,"column":43},"end":{"line":106,"column":3}},"line":80},"5":{"name":"(anonymous_5)","decl":{"start":{"line":88,"column":21},"end":{"line":88,"column":22}},"loc":{"start":{"line":89,"column":2},"end":{"line":89,"column":53}},"line":89},"6":{"name":"(anonymous_6)","decl":{"start":{"line":127,"column":28},"end":{"line":127,"column":29}},"loc":{"start":{"line":128,"column":10},"end":{"line":134,"column":17}},"line":128}},"branchMap":{"0":{"loc":{"start":{"line":61,"column":6},"end":{"line":68,"column":7}},"type":"if","locations":[{"start":{"line":61,"column":6},"end":{"line":68,"column":7}},{"start":{"line":63,"column":13},"end":{"line":68,"column":7}}],"line":61},"1":{"loc":{"start":{"line":108,"column":2},"end":{"line":114,"column":3}},"type":"if","locations":[{"start":{"line":108,"column":2},"end":{"line":114,"column":3}},{"start":{},"end":{}}],"line":108},"2":{"loc":{"start":{"line":172,"column":13},"end":{"line":172,"column":73}},"type":"cond-expr","locations":[{"start":{"line":172,"column":34},"end":{"line":172,"column":53}},{"start":{"line":172,"column":56},"end":{"line":172,"column":73}}],"line":172}},"s":{"0":0,"1":0,"2":0,"3":0,"4":0,"5":0,"6":0,"7":0,"8":0,"9":0,"10":0,"11":0,"12":0,"13":0,"14":0,"15":0,"16":0,"17":0,"18":0,"19":0,"20":0,"21":0,"22":0,"23":0,"24":0,"25":0,"26":0,"27":0,"28":0,"29":0,"30":0,"31":0,"32":0,"33":0,"34":0,"35":0,"36":0,"37":0},"f":{"0":0,"1":0,"2":0,"3":0,"4":0,"5":0,"6":0},"b":{"0":[0,0],"1":[0,0],"2":[0,0]}}
,"/home/roadmvn/devops/Devops_starter/mobile-app/src/screens/main/ScannerScreen.js": {"path":"/home/roadmvn/devops/Devops_starter/mobile-app/src/screens/main/ScannerScreen.js","statementMap":{"0":{"start":{"line":15,"column":44},"end":{"line":15,"column":58}},"1":{"start":{"line":16,"column":32},"end":{"line":16,"column":47}},"2":{"start":{"line":17,"column":32},"end":{"line":17,"column":47}},"3":{"start":{"line":19,"column":2},"end":{"line":21,"column":9}},"4":{"start":{"line":20,"column":4},"end":{"line":20,"column":30}},"5":{"start":{"line":23,"column":34},"end":{"line":37,"column":3}},"6":{"start":{"line":24,"column":4},"end":{"line":36,"column":5}},"7":{"start":{"line":25,"column":25},"end":{"line":25,"column":69}},"8":{"start":{"line":26,"column":6},"end":{"line":26,"column":45}},"9":{"start":{"line":27,"column":6},"end":{"line":32,"column":7}},"10":{"start":{"line":28,"column":8},"end":{"line":31,"column":10}},"11":{"start":{"line":34,"column":6},"end":{"line":34,"column":71}},"12":{"start":{"line":35,"column":6},"end":{"line":35,"column":65}},"13":{"start":{"line":39,"column":31},"end":{"line":77,"column":3}},"14":{"start":{"line":40,"column":4},"end":{"line":76,"column":5}},"15":{"start":{"line":41,"column":6},"end":{"line":41,"column":23}},"16":{"start":{"line":42,"column":6},"end":{"line":42,"column":23}},"17":{"start":{"line":45,"column":23},"end":{"line":45,"column":65}},"18":{"start":{"line":46,"column":22},"end":{"line":46,"column":35}},"19":{"start":{"line":48,"column":6},"end":{"line":66,"column":7}},"20":{"start":{"line":49,"column":8},"end":{"line":49,"column":52}},"21":{"start":{"line":52,"column":38},"end":{"line":52,"column":86}},"22":{"start":{"line":53,"column":37},"end":{"line":53,"column":63}},"23":{"start":{"line":55,"column":8},"end":{"line":65,"column":9}},"24":{"start":{"line":56,"column":10},"end":{"line":59,"column":13}},"25":{"start":{"line":61,"column":10},"end":{"line":64,"column":12}},"26":{"start":{"line":68,"column":6},"end":{"line":68,"column":51}},"27":{"start":{"line":69,"column":6},"end":{"line":72,"column":8}},"28":{"start":{"line":74,"column":6},"end":{"line":74,"column":24}},"29":{"start":{"line":75,"column":6},"end":{"line":75,"column":24}},"30":{"start":{"line":79,"column":2},"end":{"line":85,"column":3}},"31":{"start":{"line":80,"column":4},"end":{"line":84,"column":6}},"32":{"start":{"line":87,"column":2},"end":{"line":99,"column":3}},"33":{"start":{"line":88,"column":4},"end":{"line":98,"column":6}},"34":{"start":{"line":101,"column":2},"end":{"line":140,"column":4}},"35":{"start":{"line":134,"column":25},"end":{"line":134,"column":42}},"36":{"start":{"line":143,"column":15},"end":{"line":218,"column":2}}},"fnMap":{"0":{"name":"ScannerScreen","decl":{"start":{"line":14,"column":24},"end":{"line":14,"column":37}},"loc":{"start":{"line":14,"column":54},"end":{"line":141,"column":1}},"line":14},"1":{"name":"(anonymous_1)","decl":{"start":{"line":19,"column":12},"end":{"line":19,"column":13}},"loc":{"start":{"line":19,"column":18},"end":{"line":21,"column":3}},"line":19},"2":{"name":"(anonymous_2)","decl":{"start":{"line":23,"column":34},"end":{"line":23,"column":35}},"loc":{"start":{"line":23,"column":46},"end":{"line":37,"column":3}},"line":23},"3":{"name":"(anonymous_3)","decl":{"start":{"line":39,"column":31},"end":{"line":39,"column":32}},"loc":{"start":{"line":39,"column":57},"end":{"line":77,"column":3}},"line":39},"4":{"name":"(anonymous_4)","decl":{"start":{"line":134,"column":19},"end":{"line":134,"column":20}},"loc":{"start":{"line":134,"column":25},"end":{"line":134,"column":42}},"line":134}},"branchMap":{"0":{"loc":{"start":{"line":27,"column":6},"end":{"line":32,"column":7}},"type":"if","locations":[{"start":{"line":27,"column":6},"end":{"line":32,"column":7}},{"start":{},"end":{}}],"line":27},"1":{"loc":{"start":{"line":48,"column":6},"end":{"line":66,"column":7}},"type":"if","locations":[{"start":{"line":48,"column":6},"end":{"line":66,"column":7}},{"start":{"line":50,"column":13},"end":{"line":66,"column":7}}],"line":48},"2":{"loc":{"start":{"line":55,"column":8},"end":{"line":65,"column":9}},"type":"if","locations":[{"start":{"line":55,"column":8},"end":{"line":65,"column":9}},{"start":{"line":60,"column":15},"end":{"line":65,"column":9}}],"line":55},"3":{"loc":{"start":{"line":79,"column":2},"end":{"line":85,"column":3}},"type":"if","locations":[{"start":{"line":79,"column":2},"end":{"line":85,"column":3}},{"start":{},"end":{}}],"line":79},"4":{"loc":{"start":{"line":87,"column":2},"end":{"line":99,"column":3}},"type":"if","locations":[{"start":{"line":87,"column":2},"end":{"line":99,"column":3}},{"start":{},"end":{}}],"line":87},"5":{"loc":{"start":{"line":109,"column":26},"end":{"line":109,"column":68}},"type":"cond-expr","locations":[{"start":{"line":109,"column":36},"end":{"line":109,"column":45}},{"start":{"line":109,"column":48},"end":{"line":109,"column":68}}],"line":109},"6":{"loc":{"start":{"line":115,"column":9},"end":{"line":122,"column":9}},"type":"binary-expr","locations":[{"start":{"line":115,"column":9},"end":{"line":115,"column":16}},{"start":{"line":116,"column":10},"end":{"line":121,"column":17}}],"line":115},"7":{"loc":{"start":{"line":131,"column":7},"end":{"line":138,"column":7}},"type":"binary-expr","locations":[{"start":{"line":131,"column":7},"end":{"line":131,"column":14}},{"start":{"line":131,"column":18},"end":{"line":131,"column":26}},{"start":{"line":132,"column":8},"end":{"line":137,"column":27}}],"line":131}},"s":{"0":0,"1":0,"2":0,"3":0,"4":0,"5":0,"6":0,"7":0,"8":0,"9":0,"10":0,"11":0,"12":0,"13":0,"14":0,"15":0,"16":0,"17":0,"18":0,"19":0,"20":0,"21":0,"22":0,"23":0,"24":0,"25":0,"26":0,"27":0,"28":0,"29":0,"30":0,"31":0,"32":0,"33":0,"34":0,"35":0,"36":0},"f":{"0":0,"1":0,"2":0,"3":0,"4":0},"b":{"0":[0,0],"1":[0,0],"2":[0,0],"3":[0,0],"4":[0,0],"5":[0,0],"6":[0,0],"7":[0,0,0]}}
,"/home/roadmvn/devops/Devops_starter/mobile-app/src/services/api.js": {"path":"/home/roadmvn/devops/Devops_starter/mobile-app/src/services/api.js","statementMap":{"0":{"start":{"line":4,"column":12},"end":{"line":9,"column":2}},"1":{"start":{"line":12,"column":0},"end":{"line":28,"column":2}},"2":{"start":{"line":14,"column":4},"end":{"line":23,"column":5}},"3":{"start":{"line":15,"column":19},"end":{"line":15,"column":53}},"4":{"start":{"line":16,"column":6},"end":{"line":19,"column":7}},"5":{"start":{"line":17,"column":26},"end":{"line":17,"column":42}},"6":{"start":{"line":18,"column":8},"end":{"line":18,"column":57}},"7":{"start":{"line":20,"column":6},"end":{"line":20,"column":20}},"8":{"start":{"line":22,"column":6},"end":{"line":22,"column":35}},"9":{"start":{"line":26,"column":4},"end":{"line":26,"column":33}},"10":{"start":{"line":31,"column":0},"end":{"line":63,"column":2}},"11":{"start":{"line":32,"column":16},"end":{"line":32,"column":24}},"12":{"start":{"line":34,"column":28},"end":{"line":34,"column":40}},"13":{"start":{"line":36,"column":4},"end":{"line":59,"column":5}},"14":{"start":{"line":37,"column":6},"end":{"line":37,"column":36}},"15":{"start":{"line":39,"column":6},"end":{"line":58,"column":7}},"16":{"start":{"line":40,"column":21},"end":{"line":40,"column":55}},"17":{"start":{"line":41,"column":8},"end":{"line":54,"column":9}},"18":{"start":{"line":42,"column":35},"end":{"line":42,"column":51}},"19":{"start":{"line":43,"column":27},"end":{"line":45,"column":12}},"20":{"start":{"line":47,"column":28},"end":{"line":47,"column":41}},"21":{"start":{"line":48,"column":27},"end":{"line":48,"column":43}},"22":{"start":{"line":49,"column":10},"end":{"line":49,"column":33}},"23":{"start":{"line":50,"column":10},"end":{"line":50,"column":71}},"24":{"start":{"line":52,"column":10},"end":{"line":52,"column":68}},"25":{"start":{"line":53,"column":10},"end":{"line":53,"column":38}},"26":{"start":{"line":56,"column":8},"end":{"line":56,"column":46}},"27":{"start":{"line":61,"column":4},"end":{"line":61,"column":33}}},"fnMap":{"0":{"name":"(anonymous_0)","decl":{"start":{"line":13,"column":2},"end":{"line":13,"column":3}},"loc":{"start":{"line":13,"column":20},"end":{"line":24,"column":3}},"line":13},"1":{"name":"(anonymous_1)","decl":{"start":{"line":25,"column":2},"end":{"line":25,"column":3}},"loc":{"start":{"line":25,"column":13},"end":{"line":27,"column":3}},"line":25},"2":{"name":"(anonymous_2)","decl":{"start":{"line":32,"column":2},"end":{"line":32,"column":3}},"loc":{"start":{"line":32,"column":16},"end":{"line":32,"column":24}},"line":32},"3":{"name":"(anonymous_3)","decl":{"start":{"line":33,"column":2},"end":{"line":33,"column":3}},"loc":{"start":{"line":33,"column":19},"end":{"line":62,"column":3}},"line":33}},"branchMap":{"0":{"loc":{"start":{"line":16,"column":6},"end":{"line":19,"column":7}},"type":"if","locations":[{"start":{"line":16,"column":6},"end":{"line":19,"column":7}},{"start":{},"end":{}}],"line":16},"1":{"loc":{"start":{"line":36,"column":4},"end":{"line":59,"column":5}},"type":"if","locations":[{"start":{"line":36,"column":4},"end":{"line":59,"column":5}},{"start":{},"end":{}}],"line":36},"2":{"loc":{"start":{"line":36,"column":8},"end":{"line":36,"column":64}},"type":"binary-expr","locations":[{"start":{"line":36,"column":8},"end":{"line":36,"column":37}},{"start":{"line":36,"column":41},"end":{"line":36,"column":64}}],"line":36},"3":{"loc":{"start":{"line":41,"column":8},"end":{"line":54,"column":9}},"type":"if","locations":[{"start":{"line":41,"column":8},"end":{"line":54,"column":9}},{"start":{},"end":{}}],"line":41}},"s":{"0":0,"1":0,"2":0,"3":0,"4":0,"5":0,"6":0,"7":0,"8":0,"9":0,"10":0,"11":0,"12":0,"13":0,"14":0,"15":0,"16":0,"17":0,"18":0,"19":0,"20":0,"21":0,"22":0,"23":0,"24":0,"25":0,"26":0,"27":0},"f":{"0":0,"1":0,"2":0,"3":0},"b":{"0":[0,0],"1":[0,0],"2":[0,0],"3":[0,0]}}
,"/home/roadmvn/devops/Devops_starter/mobile-app/src/services/auth.service.js": {"path":"/home/roadmvn/devops/Devops_starter/mobile-app/src/services/auth.service.js","statementMap":{"0":{"start":{"line":3,"column":20},"end":{"line":23,"column":1}},"1":{"start":{"line":5,"column":4},"end":{"line":5,"column":56}},"2":{"start":{"line":9,"column":4},"end":{"line":9,"column":48}},"3":{"start":{"line":13,"column":4},"end":{"line":13,"column":36}},"4":{"start":{"line":17,"column":4},"end":{"line":17,"column":43}},"5":{"start":{"line":21,"column":4},"end":{"line":21,"column":31}}},"fnMap":{"0":{"name":"(anonymous_0)","decl":{"start":{"line":4,"column":9},"end":{"line":4,"column":10}},"loc":{"start":{"line":4,"column":36},"end":{"line":6,"column":3}},"line":4},"1":{"name":"(anonymous_1)","decl":{"start":{"line":8,"column":12},"end":{"line":8,"column":13}},"loc":{"start":{"line":8,"column":32},"end":{"line":10,"column":3}},"line":8},"2":{"name":"(anonymous_2)","decl":{"start":{"line":12,"column":10},"end":{"line":12,"column":11}},"loc":{"start":{"line":12,"column":22},"end":{"line":14,"column":3}},"line":12},"3":{"name":"(anonymous_3)","decl":{"start":{"line":16,"column":16},"end":{"line":16,"column":17}},"loc":{"start":{"line":16,"column":28},"end":{"line":18,"column":3}},"line":16},"4":{"name":"(anonymous_4)","decl":{"start":{"line":20,"column":18},"end":{"line":20,"column":19}},"loc":{"start":{"line":20,"column":30},"end":{"line":22,"column":3}},"line":20}},"branchMap":{},"s":{"0":0,"1":0,"2":0,"3":0,"4":0,"5":0},"f":{"0":0,"1":0,"2":0,"3":0,"4":0},"b":{}}
,"/home/roadmvn/devops/Devops_starter/mobile-app/src/services/payment.service.js": {"path":"/home/roadmvn/devops/Devops_starter/mobile-app/src/services/payment.service.js","statementMap":{"0":{"start":{"line":6,"column":4},"end":{"line":6,"column":23}},"1":{"start":{"line":7,"column":4},"end":{"line":7,"column":29}},"2":{"start":{"line":11,"column":4},"end":{"line":11,"column":33}},"3":{"start":{"line":11,"column":26},"end":{"line":11,"column":33}},"4":{"start":{"line":13,"column":4},"end":{"line":27,"column":5}},"5":{"start":{"line":15,"column":23},"end":{"line":15,"column":55}},"6":{"start":{"line":17,"column":6},"end":{"line":20,"column":8}},"7":{"start":{"line":22,"column":6},"end":{"line":22,"column":34}},"8":{"start":{"line":23,"column":6},"end":{"line":23,"column":30}},"9":{"start":{"line":25,"column":6},"end":{"line":25,"column":74}},"10":{"start":{"line":26,"column":6},"end":{"line":26,"column":74}},"11":{"start":{"line":31,"column":4},"end":{"line":33,"column":5}},"12":{"start":{"line":32,"column":6},"end":{"line":32,"column":30}},"13":{"start":{"line":35,"column":4},"end":{"line":61,"column":5}},"14":{"start":{"line":37,"column":30},"end":{"line":40,"column":8}},"15":{"start":{"line":43,"column":26},"end":{"line":47,"column":8}},"16":{"start":{"line":50,"column":6},"end":{"line":52,"column":9}},"17":{"start":{"line":54,"column":6},"end":{"line":57,"column":8}},"18":{"start":{"line":59,"column":6},"end":{"line":59,"column":73}},"19":{"start":{"line":60,"column":6},"end":{"line":60,"column":57}},"20":{"start":{"line":65,"column":4},"end":{"line":67,"column":5}},"21":{"start":{"line":66,"column":6},"end":{"line":66,"column":30}},"22":{"start":{"line":69,"column":4},"end":{"line":99,"column":5}},"23":{"start":{"line":70,"column":22},"end":{"line":74,"column":8}},"24":{"start":{"line":76,"column":6},"end":{"line":86,"column":7}},"25":{"start":{"line":78,"column":41},"end":{"line":80,"column":10}},"26":{"start":{"line":82,"column":8},"end":{"line":85,"column":10}},"27":{"start":{"line":88,"column":6},"end":{"line":88,"column":59}},"28":{"start":{"line":90,"column":6},"end":{"line":90,"column":69}},"29":{"start":{"line":93,"column":6},"end":{"line":96,"column":9}},"30":{"start":{"line":98,"column":6},"end":{"line":98,"column":59}},"31":{"start":{"line":103,"column":4},"end":{"line":109,"column":5}},"32":{"start":{"line":104,"column":23},"end":{"line":104,"column":56}},"33":{"start":{"line":105,"column":6},"end":{"line":105,"column":18}},"34":{"start":{"line":107,"column":6},"end":{"line":107,"column":87}},"35":{"start":{"line":108,"column":6},"end":{"line":108,"column":16}},"36":{"start":{"line":113,"column":4},"end":{"line":121,"column":5}},"37":{"start":{"line":114,"column":23},"end":{"line":116,"column":8}},"38":{"start":{"line":117,"column":6},"end":{"line":117,"column":24}},"39":{"start":{"line":119,"column":6},"end":{"line":119,"column":80}},"40":{"start":{"line":120,"column":6},"end":{"line":120,"column":67}},"41":{"start":{"line":125,"column":30},"end":{"line":125,"column":50}}},"fnMap":{"0":{"name":"(anonymous_0)","decl":{"start":{"line":5,"column":2},"end":{"line":5,"column":3}},"loc":{"start":{"line":5,"column":16},"end":{"line":8,"column":3}},"line":5},"1":{"name":"(anonymous_1)","decl":{"start":{"line":10,"column":2},"end":{"line":10,"column":3}},"loc":{"start":{"line":10,"column":21},"end":{"line":28,"column":3}},"line":10},"2":{"name":"(anonymous_2)","decl":{"start":{"line":30,"column":2},"end":{"line":30,"column":3}},"loc":{"start":{"line":30,"column":38},"end":{"line":62,"column":3}},"line":30},"3":{"name":"(anonymous_3)","decl":{"start":{"line":64,"column":2},"end":{"line":64,"column":3}},"loc":{"start":{"line":64,"column":47},"end":{"line":100,"column":3}},"line":64},"4":{"name":"(anonymous_4)","decl":{"start":{"line":102,"column":2},"end":{"line":102,"column":3}},"loc":{"start":{"line":102,"column":28},"end":{"line":110,"column":3}},"line":102},"5":{"name":"(anonymous_5)","decl":{"start":{"line":112,"column":2},"end":{"line":112,"column":3}},"loc":{"start":{"line":112,"column":40},"end":{"line":122,"column":3}},"line":112}},"branchMap":{"0":{"loc":{"start":{"line":11,"column":4},"end":{"line":11,"column":33}},"type":"if","locations":[{"start":{"line":11,"column":4},"end":{"line":11,"column":33}},{"start":{},"end":{}}],"line":11},"1":{"loc":{"start":{"line":31,"column":4},"end":{"line":33,"column":5}},"type":"if","locations":[{"start":{"line":31,"column":4},"end":{"line":33,"column":5}},{"start":{},"end":{}}],"line":31},"2":{"loc":{"start":{"line":65,"column":4},"end":{"line":67,"column":5}},"type":"if","locations":[{"start":{"line":65,"column":4},"end":{"line":67,"column":5}},{"start":{},"end":{}}],"line":65},"3":{"loc":{"start":{"line":76,"column":6},"end":{"line":86,"column":7}},"type":"if","locations":[{"start":{"line":76,"column":6},"end":{"line":86,"column":7}},{"start":{},"end":{}}],"line":76}},"s":{"0":0,"1":0,"2":0,"3":0,"4":0,"5":0,"6":0,"7":0,"8":0,"9":0,"10":0,"11":0,"12":0,"13":0,"14":0,"15":0,"16":0,"17":0,"18":0,"19":0,"20":0,"21":0,"22":0,"23":0,"24":0,"25":0,"26":0,"27":0,"28":0,"29":0,"30":0,"31":0,"32":0,"33":0,"34":0,"35":0,"36":0,"37":0,"38":0,"39":0,"40":0,"41":0},"f":{"0":0,"1":0,"2":0,"3":0,"4":0,"5":0},"b":{"0":[0,0],"1":[0,0],"2":[0,0],"3":[0,0]}}
}
