TN:
SF:src/contexts/AuthContext.js
FN:7,(anonymous_0)
FN:9,AuthProvider
FN:13,(anonymous_2)
FN:17,(anonymous_3)
FN:30,(anonymous_4)
FN:41,(anonymous_5)
FN:50,(anonymous_6)
FNF:7
FNH:0
FNDA:0,(anonymous_0)
FNDA:0,AuthProvider
FNDA:0,(anonymous_2)
FNDA:0,(anonymous_3)
FNDA:0,(anonymous_4)
FNDA:0,(anonymous_5)
FNDA:0,(anonymous_6)
DA:5,0
DA:7,0
DA:10,0
DA:11,0
DA:13,0
DA:14,0
DA:17,0
DA:18,0
DA:19,0
DA:20,0
DA:21,0
DA:24,0
DA:26,0
DA:30,0
DA:31,0
DA:32,0
DA:33,0
DA:34,0
DA:35,0
DA:37,0
DA:41,0
DA:42,0
DA:43,0
DA:44,0
DA:46,0
DA:50,0
DA:51,0
DA:52,0
DA:53,0
DA:55,0
DA:59,0
DA:67,0
DA:68,0
DA:71,0
LF:34
LH:0
BRDA:20,0,0,0
BRDA:20,0,1,0
BRDA:67,1,0,0
BRDA:67,1,1,0
BRF:4
BRH:0
end_of_record
TN:
SF:src/contexts/CartContext.js
FN:6,(anonymous_0)
FN:8,CartProvider
FN:13,(anonymous_2)
FN:18,(anonymous_3)
FN:24,(anonymous_4)
FN:37,(anonymous_5)
FN:45,(anonymous_6)
FN:46,(anonymous_7)
FN:47,(anonymous_8)
FN:50,(anonymous_9)
FN:61,(anonymous_10)
FN:62,(anonymous_11)
FN:63,(anonymous_12)
FN:71,(anonymous_13)
FN:72,(anonymous_14)
FN:73,(anonymous_15)
FN:77,(anonymous_16)
FN:81,(anonymous_17)
FN:82,(anonymous_18)
FN:85,(anonymous_19)
FN:87,(anonymous_20)
FNF:21
FNH:0
FNDA:0,(anonymous_0)
FNDA:0,CartProvider
FNDA:0,(anonymous_2)
FNDA:0,(anonymous_3)
FNDA:0,(anonymous_4)
FNDA:0,(anonymous_5)
FNDA:0,(anonymous_6)
FNDA:0,(anonymous_7)
FNDA:0,(anonymous_8)
FNDA:0,(anonymous_9)
FNDA:0,(anonymous_10)
FNDA:0,(anonymous_11)
FNDA:0,(anonymous_12)
FNDA:0,(anonymous_13)
FNDA:0,(anonymous_14)
FNDA:0,(anonymous_15)
FNDA:0,(anonymous_16)
FNDA:0,(anonymous_17)
FNDA:0,(anonymous_18)
FNDA:0,(anonymous_19)
FNDA:0,(anonymous_20)
DA:4,0
DA:6,0
DA:9,0
DA:10,0
DA:13,0
DA:14,0
DA:18,0
DA:19,0
DA:20,0
DA:24,0
DA:25,0
DA:26,0
DA:27,0
DA:28,0
DA:31,0
DA:33,0
DA:37,0
DA:38,0
DA:39,0
DA:41,0
DA:45,0
DA:46,0
DA:47,0
DA:49,0
DA:50,0
DA:51,0
DA:57,0
DA:61,0
DA:62,0
DA:63,0
DA:64,0
DA:71,0
DA:72,0
DA:73,0
DA:77,0
DA:78,0
DA:81,0
DA:82,0
DA:85,0
DA:86,0
DA:87,0
DA:92,0
DA:103,0
DA:104,0
DA:107,0
LF:45
LH:0
BRDA:19,0,0,0
BRDA:19,0,1,0
BRDA:27,1,0,0
BRDA:27,1,1,0
BRDA:45,2,0,0
BRDA:49,3,0,0
BRDA:49,3,1,0
BRDA:51,4,0,0
BRDA:51,4,1,0
BRDA:64,5,0,0
BRDA:64,5,1,0
BRDA:103,6,0,0
BRDA:103,6,1,0
BRF:13
BRH:0
end_of_record
TN:
SF:src/navigation/AppNavigator.js
FN:21,MainTabNavigator
FN:38,(anonymous_1)
FN:48,(anonymous_2)
FN:58,(anonymous_3)
FN:68,(anonymous_4)
FN:78,AppNavigator
FNF:6
FNH:0
FNDA:0,MainTabNavigator
FNDA:0,(anonymous_1)
FNDA:0,(anonymous_2)
FNDA:0,(anonymous_3)
FNDA:0,(anonymous_4)
FNDA:0,AppNavigator
DA:17,0
DA:18,0
DA:22,0
DA:39,0
DA:49,0
DA:59,0
DA:69,0
DA:79,0
DA:81,0
LF:9
LH:0
BRDA:87,0,0,0
BRDA:87,0,1,0
BRF:2
BRH:0
end_of_record
TN:
SF:src/screens/auth/LoginScreen.js
FN:14,LoginScreen
FN:20,(anonymous_1)
FN:76,(anonymous_2)
FNF:3
FNH:0
FNDA:0,LoginScreen
FNDA:0,(anonymous_1)
FNDA:0,(anonymous_2)
DA:15,0
DA:16,0
DA:17,0
DA:18,0
DA:20,0
DA:21,0
DA:22,0
DA:23,0
DA:26,0
DA:27,0
DA:28,0
DA:30,0
DA:35,0
DA:39,0
DA:76,0
DA:87,0
LF:16
LH:0
BRDA:21,0,0,0
BRDA:21,0,1,0
BRDA:21,1,0,0
BRDA:21,1,1,0
BRDA:32,2,0,0
BRDA:32,2,1,0
BRDA:41,3,0,0
BRDA:41,3,1,0
BRDA:70,4,0,0
BRDA:70,4,1,0
BRF:10
BRH:0
end_of_record
TN:
SF:src/screens/auth/RegisterScreen.js
FN:15,RegisterScreen
FN:26,(anonymous_1)
FN:49,(anonymous_2)
FN:61,(anonymous_3)
FN:62,(anonymous_4)
FN:81,(anonymous_5)
FN:89,(anonymous_6)
FN:97,(anonymous_7)
FN:106,(anonymous_8)
FN:114,(anonymous_9)
FN:130,(anonymous_10)
FNF:11
FNH:0
FNDA:0,RegisterScreen
FNDA:0,(anonymous_1)
FNDA:0,(anonymous_2)
FNDA:0,(anonymous_3)
FNDA:0,(anonymous_4)
FNDA:0,(anonymous_5)
FNDA:0,(anonymous_6)
FNDA:0,(anonymous_7)
FNDA:0,(anonymous_8)
FNDA:0,(anonymous_9)
FNDA:0,(anonymous_10)
DA:16,0
DA:23,0
DA:24,0
DA:26,0
DA:28,0
DA:29,0
DA:30,0
DA:33,0
DA:34,0
DA:35,0
DA:38,0
DA:39,0
DA:40,0
DA:46,0
DA:49,0
DA:52,0
DA:57,0
DA:61,0
DA:62,0
DA:68,0
DA:81,0
DA:89,0
DA:97,0
DA:106,0
DA:114,0
DA:130,0
DA:142,0
LF:27
LH:0
BRDA:28,0,0,0
BRDA:28,0,1,0
BRDA:28,1,0,0
BRDA:28,1,1,0
BRDA:28,1,2,0
BRDA:28,1,3,0
BRDA:33,2,0,0
BRDA:33,2,1,0
BRDA:54,3,0,0
BRDA:54,3,1,0
BRDA:70,4,0,0
BRDA:70,4,1,0
BRDA:124,5,0,0
BRDA:124,5,1,0
BRF:14
BRH:0
end_of_record
TN:
SF:src/screens/main/CartScreen.js
FN:14,CartScreen
FN:25,(anonymous_1)
FN:26,(anonymous_2)
FN:42,(anonymous_3)
FN:51,(anonymous_4)
FN:62,(anonymous_5)
FN:91,(anonymous_6)
FN:106,(anonymous_7)
FN:115,(anonymous_8)
FN:129,(anonymous_9)
FN:137,(anonymous_10)
FNF:11
FNH:0
FNDA:0,CartScreen
FNDA:0,(anonymous_1)
FNDA:0,(anonymous_2)
FNDA:0,(anonymous_3)
FNDA:0,(anonymous_4)
FNDA:0,(anonymous_5)
FNDA:0,(anonymous_6)
FNDA:0,(anonymous_7)
FNDA:0,(anonymous_8)
FNDA:0,(anonymous_9)
FNDA:0,(anonymous_10)
DA:21,0
DA:22,0
DA:23,0
DA:25,0
DA:26,0
DA:27,0
DA:28,0
DA:29,0
DA:30,0
DA:32,0
DA:42,0
DA:51,0
DA:52,0
DA:53,0
DA:54,0
DA:57,0
DA:58,0
DA:59,0
DA:62,0
DA:69,0
DA:70,0
DA:71,0
DA:75,0
DA:81,0
DA:82,0
DA:87,0
DA:91,0
DA:92,0
DA:106,0
DA:115,0
DA:124,0
DA:129,0
DA:137,0
DA:169,0
LF:34
LH:0
BRDA:27,0,0,0
BRDA:27,0,1,0
BRDA:29,1,0,0
BRDA:29,1,1,0
BRDA:52,2,0,0
BRDA:52,2,1,0
BRDA:69,3,0,0
BRDA:69,3,1,0
BRDA:147,4,0,0
BRDA:147,4,1,0
BRDA:160,5,0,0
BRDA:160,5,1,0
BRF:12
BRH:0
end_of_record
TN:
SF:src/screens/main/HistoryScreen.js
FN:16,HistoryScreen
FN:23,(anonymous_1)
FN:27,(anonymous_2)
FN:45,(anonymous_3)
FN:49,(anonymous_4)
FN:58,(anonymous_5)
FN:63,(anonymous_6)
FN:69,(anonymous_7)
FN:77,(anonymous_8)
FN:89,(anonymous_9)
FN:92,(anonymous_10)
FN:105,(anonymous_11)
FN:120,(anonymous_12)
FN:127,(anonymous_13)
FN:148,(anonymous_14)
FNF:15
FNH:0
FNDA:0,HistoryScreen
FNDA:0,(anonymous_1)
FNDA:0,(anonymous_2)
FNDA:0,(anonymous_3)
FNDA:0,(anonymous_4)
FNDA:0,(anonymous_5)
FNDA:0,(anonymous_6)
FNDA:0,(anonymous_7)
FNDA:0,(anonymous_8)
FNDA:0,(anonymous_9)
FNDA:0,(anonymous_10)
FNDA:0,(anonymous_11)
FNDA:0,(anonymous_12)
FNDA:0,(anonymous_13)
FNDA:0,(anonymous_14)
DA:17,0
DA:18,0
DA:19,0
DA:20,0
DA:21,0
DA:23,0
DA:24,0
DA:27,0
DA:28,0
DA:29,0
DA:30,0
DA:31,0
DA:34,0
DA:36,0
DA:43,0
DA:45,0
DA:46,0
DA:48,0
DA:49,0
DA:51,0
DA:53,0
DA:54,0
DA:58,0
DA:59,0
DA:60,0
DA:63,0
DA:64,0
DA:65,0
DA:69,0
DA:70,0
DA:71,0
DA:77,0
DA:80,0
DA:85,0
DA:89,0
DA:90,0
DA:92,0
DA:106,0
DA:120,0
DA:127,0
DA:135,0
DA:136,0
DA:143,0
DA:148,0
DA:179,0
LF:45
LH:0
BRDA:27,0,0,0
BRDA:29,1,0,0
BRDA:29,1,1,0
BRDA:34,2,0,0
BRDA:34,2,1,0
BRDA:34,3,0,0
BRDA:34,3,1,0
BRDA:38,4,0,0
BRDA:38,4,1,0
BRDA:46,5,0,0
BRDA:46,5,1,0
BRDA:49,6,0,0
BRDA:49,6,1,0
BRDA:64,7,0,0
BRDA:64,7,1,0
BRDA:64,8,0,0
BRDA:64,8,1,0
BRDA:110,9,0,0
BRDA:110,9,1,0
BRDA:135,10,0,0
BRDA:135,10,1,0
BRDA:135,11,0,0
BRDA:135,11,1,0
BRDA:166,12,0,0
BRDA:166,12,1,0
BRDA:166,13,0,0
BRDA:166,13,1,0
BRF:27
BRH:0
end_of_record
TN:
SF:src/screens/main/HomeScreen.js
FN:14,HomeScreen
FN:20,(anonymous_1)
FN:24,(anonymous_2)
FN:37,(anonymous_3)
FN:43,(anonymous_4)
FN:46,(anonymous_5)
FN:63,(anonymous_6)
FN:66,(anonymous_7)
FN:98,(anonymous_8)
FN:111,(anonymous_9)
FN:118,(anonymous_10)
FNF:11
FNH:0
FNDA:0,HomeScreen
FNDA:0,(anonymous_1)
FNDA:0,(anonymous_2)
FNDA:0,(anonymous_3)
FNDA:0,(anonymous_4)
FNDA:0,(anonymous_5)
FNDA:0,(anonymous_6)
FNDA:0,(anonymous_7)
FNDA:0,(anonymous_8)
FNDA:0,(anonymous_9)
FNDA:0,(anonymous_10)
DA:15,0
DA:16,0
DA:17,0
DA:18,0
DA:20,0
DA:21,0
DA:24,0
DA:25,0
DA:26,0
DA:30,0
DA:31,0
DA:33,0
DA:37,0
DA:38,0
DA:39,0
DA:40,0
DA:43,0
DA:44,0
DA:46,0
DA:63,0
DA:64,0
DA:66,0
DA:78,0
DA:98,0
DA:111,0
DA:118,0
DA:126,0
LF:27
LH:0
BRDA:88,0,0,0
BRDA:88,0,1,0
BRF:2
BRH:0
end_of_record
TN:
SF:src/screens/main/PaymentScreen.js
FN:15,PaymentScreen
FN:22,(anonymous_1)
FN:26,(anonymous_2)
FN:33,(anonymous_3)
FN:48,(anonymous_4)
FN:101,(anonymous_5)
FN:120,(anonymous_6)
FN:127,(anonymous_7)
FNF:8
FNH:0
FNDA:0,PaymentScreen
FNDA:0,(anonymous_1)
FNDA:0,(anonymous_2)
FNDA:0,(anonymous_3)
FNDA:0,(anonymous_4)
FNDA:0,(anonymous_5)
FNDA:0,(anonymous_6)
FNDA:0,(anonymous_7)
DA:16,0
DA:17,0
DA:18,0
DA:19,0
DA:20,0
DA:22,0
DA:23,0
DA:26,0
DA:27,0
DA:28,0
DA:29,0
DA:30,0
DA:33,0
DA:34,0
DA:35,0
DA:38,0
DA:39,0
DA:44,0
DA:48,0
DA:49,0
DA:50,0
DA:51,0
DA:54,0
DA:55,0
DA:58,0
DA:64,0
DA:66,0
DA:68,0
DA:71,0
DA:75,0
DA:78,0
DA:79,0
DA:84,0
DA:88,0
DA:89,0
DA:96,0
DA:102,0
DA:121,0
DA:127,0
DA:155,0
LF:40
LH:0
BRDA:34,0,0,0
BRDA:34,0,1,0
BRDA:49,1,0,0
BRDA:49,1,1,0
BRDA:66,2,0,0
BRDA:66,2,1,0
BRDA:88,3,0,0
BRDA:88,3,1,0
BRDA:125,4,0,0
BRDA:125,4,1,0
BRDA:139,5,0,0
BRDA:139,5,1,0
BRF:12
BRH:0
end_of_record
TN:
SF:src/screens/main/PaymentSuccessScreen.js
FN:12,PaymentSuccessScreen
FN:17,(anonymous_1)
FN:34,(anonymous_2)
FN:38,(anonymous_3)
FN:117,(anonymous_4)
FNF:5
FNH:0
FNDA:0,PaymentSuccessScreen
FNDA:0,(anonymous_1)
FNDA:0,(anonymous_2)
FNDA:0,(anonymous_3)
FNDA:0,(anonymous_4)
DA:13,0
DA:14,0
DA:15,0
DA:17,0
DA:19,0
DA:34,0
DA:35,0
DA:38,0
DA:39,0
DA:42,0
DA:117,0
DA:128,0
LF:12
LH:0
BRF:0
BRH:0
end_of_record
TN:
SF:src/screens/main/ProductScreen.js
FN:15,ProductScreen
FN:22,(anonymous_1)
FN:28,(anonymous_2)
FN:42,(anonymous_3)
FN:49,(anonymous_4)
FN:58,(anonymous_5)
FN:63,(anonymous_6)
FN:86,(anonymous_7)
FN:162,(anonymous_8)
FN:171,(anonymous_9)
FNF:10
FNH:0
FNDA:0,ProductScreen
FNDA:0,(anonymous_1)
FNDA:0,(anonymous_2)
FNDA:0,(anonymous_3)
FNDA:0,(anonymous_4)
FNDA:0,(anonymous_5)
FNDA:0,(anonymous_6)
FNDA:0,(anonymous_7)
FNDA:0,(anonymous_8)
FNDA:0,(anonymous_9)
DA:16,0
DA:17,0
DA:18,0
DA:19,0
DA:20,0
DA:22,0
DA:23,0
DA:24,0
DA:28,0
DA:29,0
DA:30,0
DA:31,0
DA:32,0
DA:34,0
DA:35,0
DA:36,0
DA:38,0
DA:42,0
DA:43,0
DA:44,0
DA:45,0
DA:49,0
DA:50,0
DA:51,0
DA:52,0
DA:58,0
DA:63,0
DA:68,0
DA:72,0
DA:73,0
DA:80,0
DA:81,0
DA:86,0
DA:94,0
DA:162,0
DA:171,0
DA:197,0
LF:37
LH:0
BRDA:17,0,0,0
BRDA:17,0,1,0
BRDA:23,1,0,0
BRDA:23,1,1,0
BRDA:23,2,0,0
BRDA:23,2,1,0
BRDA:44,3,0,0
BRDA:44,3,1,0
BRDA:44,4,0,0
BRDA:44,4,1,0
BRDA:72,5,0,0
BRDA:72,5,1,0
BRDA:80,6,0,0
BRDA:80,6,1,0
BRDA:107,7,0,0
BRDA:107,7,1,0
BRDA:124,8,0,0
BRDA:124,8,1,0
BRDA:130,9,0,0
BRDA:130,9,1,0
BRDA:136,10,0,0
BRDA:136,10,1,0
BRDA:142,11,0,0
BRDA:142,11,1,0
BRDA:148,12,0,0
BRDA:148,12,1,0
BRDA:148,12,2,0
BRDA:181,13,0,0
BRDA:181,13,1,0
BRDA:181,13,2,0
BRDA:184,14,0,0
BRDA:184,14,1,0
BRDA:187,15,0,0
BRDA:187,15,1,0
BRDA:187,16,0,0
BRDA:187,16,1,0
BRF:36
BRH:0
end_of_record
TN:
SF:src/screens/main/PurchaseDetailsScreen.js
FN:18,PurchaseDetailsScreen
FN:24,(anonymous_1)
FN:28,(anonymous_2)
FN:41,(anonymous_3)
FN:80,(anonymous_4)
FN:88,(anonymous_5)
FN:127,(anonymous_6)
FNF:7
FNH:0
FNDA:0,PurchaseDetailsScreen
FNDA:0,(anonymous_1)
FNDA:0,(anonymous_2)
FNDA:0,(anonymous_3)
FNDA:0,(anonymous_4)
FNDA:0,(anonymous_5)
FNDA:0,(anonymous_6)
DA:19,0
DA:20,0
DA:21,0
DA:22,0
DA:24,0
DA:25,0
DA:28,0
DA:29,0
DA:30,0
DA:31,0
DA:33,0
DA:34,0
DA:35,0
DA:37,0
DA:41,0
DA:42,0
DA:43,0
DA:46,0
DA:51,0
DA:52,0
DA:54,0
DA:61,0
DA:62,0
DA:64,0
DA:70,0
DA:71,0
DA:76,0
DA:80,0
DA:81,0
DA:82,0
DA:89,0
DA:99,0
DA:104,0
DA:108,0
DA:109,0
DA:116,0
DA:128,0
DA:180,0
LF:38
LH:0
BRDA:61,0,0,0
BRDA:61,0,1,0
BRDA:108,1,0,0
BRDA:108,1,1,0
BRDA:172,2,0,0
BRDA:172,2,1,0
BRF:6
BRH:0
end_of_record
TN:
SF:src/screens/main/ScannerScreen.js
FN:14,ScannerScreen
FN:19,(anonymous_1)
FN:23,(anonymous_2)
FN:39,(anonymous_3)
FN:134,(anonymous_4)
FNF:5
FNH:0
FNDA:0,ScannerScreen
FNDA:0,(anonymous_1)
FNDA:0,(anonymous_2)
FNDA:0,(anonymous_3)
FNDA:0,(anonymous_4)
DA:15,0
DA:16,0
DA:17,0
DA:19,0
DA:20,0
DA:23,0
DA:24,0
DA:25,0
DA:26,0
DA:27,0
DA:28,0
DA:34,0
DA:35,0
DA:39,0
DA:40,0
DA:41,0
DA:42,0
DA:45,0
DA:46,0
DA:48,0
DA:49,0
DA:52,0
DA:53,0
DA:55,0
DA:56,0
DA:61,0
DA:68,0
DA:69,0
DA:74,0
DA:75,0
DA:79,0
DA:80,0
DA:87,0
DA:88,0
DA:101,0
DA:134,0
DA:143,0
LF:37
LH:0
BRDA:27,0,0,0
BRDA:27,0,1,0
BRDA:48,1,0,0
BRDA:48,1,1,0
BRDA:55,2,0,0
BRDA:55,2,1,0
BRDA:79,3,0,0
BRDA:79,3,1,0
BRDA:87,4,0,0
BRDA:87,4,1,0
BRDA:109,5,0,0
BRDA:109,5,1,0
BRDA:115,6,0,0
BRDA:115,6,1,0
BRDA:131,7,0,0
BRDA:131,7,1,0
BRDA:131,7,2,0
BRF:17
BRH:0
end_of_record
TN:
SF:src/services/api.js
FN:13,(anonymous_0)
FN:25,(anonymous_1)
FN:32,(anonymous_2)
FN:33,(anonymous_3)
FNF:4
FNH:0
FNDA:0,(anonymous_0)
FNDA:0,(anonymous_1)
FNDA:0,(anonymous_2)
FNDA:0,(anonymous_3)
DA:4,0
DA:12,0
DA:14,0
DA:15,0
DA:16,0
DA:17,0
DA:18,0
DA:20,0
DA:22,0
DA:26,0
DA:31,0
DA:32,0
DA:34,0
DA:36,0
DA:37,0
DA:39,0
DA:40,0
DA:41,0
DA:42,0
DA:43,0
DA:47,0
DA:48,0
DA:49,0
DA:50,0
DA:52,0
DA:53,0
DA:56,0
DA:61,0
LF:28
LH:0
BRDA:16,0,0,0
BRDA:16,0,1,0
BRDA:36,1,0,0
BRDA:36,1,1,0
BRDA:36,2,0,0
BRDA:36,2,1,0
BRDA:41,3,0,0
BRDA:41,3,1,0
BRF:8
BRH:0
end_of_record
TN:
SF:src/services/auth.service.js
FN:4,(anonymous_0)
FN:8,(anonymous_1)
FN:12,(anonymous_2)
FN:16,(anonymous_3)
FN:20,(anonymous_4)
FNF:5
FNH:0
FNDA:0,(anonymous_0)
FNDA:0,(anonymous_1)
FNDA:0,(anonymous_2)
FNDA:0,(anonymous_3)
FNDA:0,(anonymous_4)
DA:3,0
DA:5,0
DA:9,0
DA:13,0
DA:17,0
DA:21,0
LF:6
LH:0
BRF:0
BRH:0
end_of_record
TN:
SF:src/services/payment.service.js
FN:5,(anonymous_0)
FN:10,(anonymous_1)
FN:30,(anonymous_2)
FN:64,(anonymous_3)
FN:102,(anonymous_4)
FN:112,(anonymous_5)
FNF:6
FNH:0
FNDA:0,(anonymous_0)
FNDA:0,(anonymous_1)
FNDA:0,(anonymous_2)
FNDA:0,(anonymous_3)
FNDA:0,(anonymous_4)
FNDA:0,(anonymous_5)
DA:6,0
DA:7,0
DA:11,0
DA:13,0
DA:15,0
DA:17,0
DA:22,0
DA:23,0
DA:25,0
DA:26,0
DA:31,0
DA:32,0
DA:35,0
DA:37,0
DA:43,0
DA:50,0
DA:54,0
DA:59,0
DA:60,0
DA:65,0
DA:66,0
DA:69,0
DA:70,0
DA:76,0
DA:78,0
DA:82,0
DA:88,0
DA:90,0
DA:93,0
DA:98,0
DA:103,0
DA:104,0
DA:105,0
DA:107,0
DA:108,0
DA:113,0
DA:114,0
DA:117,0
DA:119,0
DA:120,0
DA:125,0
LF:41
LH:0
BRDA:11,0,0,0
BRDA:11,0,1,0
BRDA:31,1,0,0
BRDA:31,1,1,0
BRDA:65,2,0,0
BRDA:65,2,1,0
BRDA:76,3,0,0
BRDA:76,3,1,0
BRF:8
BRH:0
end_of_record
